[26-01-2025 18:38:38] [INFO] [Pszczoła -1467889856] Wchodzi przez wejście/wyjście -1415117851. (W ulu: -1415124352)
[26-01-2025 18:38:38] [INFO] [Pszczoła -1467889856] Wchodzi przez wejście/wyjście -1415117851. (W ulu: -1415124352)
[26-01-2025 18:38:38] [INFO] [Pszczoła -1] Wchodzi przez wejście/wyjście -1415117851. (W ulu: -1415124352)
[26-01-2025 18:38:38] [INFO] [Pszczoła -1] Wchodzi przez wejście/wyjście -1415117851. (W ulu: -1415124352)
[26-01-2025 18:38:38] [INFO] [Pszczoła -1] Wchodzi przez wejście/wyjście -1415117851. (W ulu: -1415124352)
[26-01-2025 18:38:38] [INFO] [Pszczoła -1467889856] Wchodzi przez wejście/wyjście -1415117851. (W ulu: -1415124352)
[26-01-2025 18:38:38] [INFO] [Pszczoła -1] Wchodzi przez wejście/wyjście -1415117851. (W ulu: -1415124352)
[26-01-2025 18:38:38] [INFO] [Pszczoła -1] Wchodzi przez wejście/wyjście -1415117851. (W ulu: -1415124352)
[26-01-2025 18:38:38] [INFO] [Pszczoła -1467889856] Wchodzi przez wejście/wyjście -1415117851. (W ulu: -1415124352)
[26-01-2025 18:38:38] [INFO] [Pszczoła -1] Wchodzi przez wejście/wyjście -1415117851. (W ulu: -1415124352)
[26-01-2025 18:38:38] [INFO] [Pszczoła -1] Wchodzi przez wejście/wyjście -1415117851. (W ulu: -1415124352)
[26-01-2025 18:38:38] [INFO] [Pszczoła -1] Wchodzi przez wejście/wyjście -1415117851. (W ulu: -1415124352)
[26-01-2025 18:38:38] [INFO] [Pszczoła -1] Wchodzi przez wejście/wyjście -1415117851. (W ulu: -1415124352)
[26-01-2025 18:38:38] [INFO] [Pszczoła -1] Wchodzi przez wejście/wyjście -1415117851. (W ulu: -1415124352)
[26-01-2025 18:38:38] [INFO] [Pszczoła -1] Wchodzi przez wejście/wyjście -1415117851. (W ulu: -1415124352)
[26-01-2025 18:38:38] [INFO] [Pszczoła -1467889856] Wchodzi przez wejście/wyjście -1415117851. (W ulu: -1415124352)
[26-01-2025 18:38:38] [INFO] [Pszczoła -1] Wchodzi przez wejście/wyjście -1415117851. (W ulu: -1415124352)
[26-01-2025 18:38:38] [INFO] [Pszczoła -1] Wchodzi przez wejście/wyjście -1415117851. (W ulu: -1415124352)
[26-01-2025 18:38:38] [INFO] [Pszczoła -1] Wchodzi przez wejście/wyjście -1415117851. (W ulu: -1415124352)
[26-01-2025 18:38:38] [INFO] [Pszczoła -1] Wchodzi przez wejście/wyjście -1415117851. (W ulu: -1415124352)
[26-01-2025 18:38:38] [INFO] [Pszczoła -1] Wchodzi przez wejście/wyjście -1415117851. (W ulu: -1415124352)
[26-01-2025 18:38:38] [INFO] [Pszczoła -1] Wchodzi przez wejście/wyjście -1415117851. (W ulu: -1415124352)
[26-01-2025 18:38:38] [INFO] [Pszczoła -1] Wchodzi przez wejście/wyjście -1415117851. (W ulu: -1415124352)
[26-01-2025 18:38:38] [INFO] [Pszczoła -1] Wchodzi przez wejście/wyjście -1415117851. (W ulu: -1415124352)
[26-01-2025 18:38:38] [INFO] [Pszczoła -1] Wchodzi przez wejście/wyjście -1415117851. (W ulu: -1415124352)
[26-01-2025 18:38:38] [INFO] [Pszczoła -1467889856] Wchodzi przez wejście/wyjście -1415117851. (W ulu: -1415124352)
[26-01-2025 18:38:38] [INFO] [Pszczoła -1] Wchodzi przez wejście/wyjście -1415117851. (W ulu: -1415124352)
[26-01-2025 18:38:38] [INFO] [Pszczoła -1] Wchodzi przez wejście/wyjście -1415117851. (W ulu: -1415124352)
[26-01-2025 18:38:38] [INFO] [Pszczoła -1] Wchodzi przez wejście/wyjście -1415117851. (W ulu: -1415124352)
[26-01-2025 18:38:38] [INFO] [Pszczoła -1] Wchodzi przez wejście/wyjście -1415117851. (W ulu: -1415124352)
[26-01-2025 18:38:38] [INFO] [Pszczoła -1] Wchodzi przez wejście/wyjście -1415117851. (W ulu: -1415124352)
[26-01-2025 18:38:38] [INFO] [Pszczoła -1] Wchodzi przez wejście/wyjście -1415117851. (W ulu: -1415124352)
[26-01-2025 18:38:38] [INFO] [Pszczoła -1] Wchodzi przez wejście/wyjście -1415117851. (W ulu: -1415124352)
[26-01-2025 18:38:38] [INFO] [Pszczoła -1467889856] Wchodzi przez wejście/wyjście -1415117851. (W ulu: -1415124352)
[26-01-2025 18:38:38] [INFO] [Pszczoła -1] Wchodzi przez wejście/wyjście -1415117851. (W ulu: -1415124352)
[26-01-2025 18:38:38] [INFO] [Pszczoła -1] Wchodzi przez wejście/wyjście -1415117851. (W ulu: -1415124352)
[26-01-2025 18:38:38] [INFO] [Pszczoła -1] Wchodzi przez wejście/wyjście -1415117851. (W ulu: -1415124352)
[26-01-2025 18:38:38] [INFO] [Pszczoła -1] Wchodzi przez wejście/wyjście -1415117851. (W ulu: -1415124352)
[26-01-2025 18:38:38] [INFO] [Pszczoła -1] Wchodzi przez wejście/wyjście -1415117851. (W ulu: -1415124352)
[26-01-2025 18:38:38] [INFO] [Pszczoła -1] Wchodzi przez wejście/wyjście -1415117851. (W ulu: -1415124352)
[26-01-2025 18:38:38] [INFO] [Pszczoła -1] Wchodzi przez wejście/wyjście -1415117851. (W ulu: -1415124352)
[26-01-2025 18:38:38] [INFO] [Pszczoła -1] Wchodzi przez wejście/wyjście -1415117851. (W ulu: -1415124352)
[26-01-2025 18:38:38] [INFO] [Pszczoła -1] Wchodzi przez wejście/wyjście -1415117851. (W ulu: -1415124352)
[26-01-2025 18:38:38] [INFO] [Pszczoła -1] Wchodzi przez wejście/wyjście -1415117851. (W ulu: -1415124352)
[26-01-2025 18:38:38] [INFO] [Pszczoła -1] Wchodzi przez wejście/wyjście -1415117851. (W ulu: -1415124352)
[26-01-2025 18:38:38] [INFO] [Pszczoła -1] Wchodzi przez wejście/wyjście -1415117851. (W ulu: -1415124352)
[26-01-2025 18:38:38] [INFO] [Pszczoła -1] Wchodzi przez wejście/wyjście -1415117851. (W ulu: -1415124352)
[26-01-2025 18:38:38] [INFO] [Pszczoła -1] Wchodzi przez wejście/wyjście -1415117851. (W ulu: -1415124352)
[26-01-2025 18:38:38] [INFO] [Pszczoła -1] Wchodzi przez wejście/wyjście -1415117851. (W ulu: -1415124352)
[26-01-2025 18:55:21] [INFO] [Pszczoła 367015744] Wchodzi przez wejście/wyjście 562823977. (W ulu: -1220845824)
[26-01-2025 18:55:22] [INFO] [Pszczoła -1] Wchodzi przez wejście/wyjście 562823977. (W ulu: -1220845824)
[26-01-2025 18:55:23] [INFO] [Pszczoła -1] Wchodzi przez wejście/wyjście 562823977. (W ulu: -1220845824)
[26-01-2025 18:55:24] [INFO] [Pszczoła -1] Wchodzi przez wejście/wyjście 562823977. (W ulu: -1220845824)
[26-01-2025 18:55:25] [INFO] [Pszczoła -1] Wchodzi przez wejście/wyjście 562823977. (W ulu: -1220845824)
[26-01-2025 18:55:25] [INFO] [Pszczoła -1] Wchodzi przez wejście/wyjście 562823977. (W ulu: -1220845824)
[26-01-2025 18:55:26] [INFO] [Pszczoła -1] Wchodzi przez wejście/wyjście 562823977. (W ulu: -1220845824)
[26-01-2025 18:55:27] [INFO] [Pszczoła -1] Wchodzi przez wejście/wyjście 562823977. (W ulu: -1220845824)
[26-01-2025 18:55:27] [INFO] [Pszczoła -1] Wchodzi przez wejście/wyjście 562823977. (W ulu: -1220845824)
[26-01-2025 18:55:28] [INFO] [Pszczoła -1] Wchodzi przez wejście/wyjście 562823977. (W ulu: -1220845824)
[26-01-2025 18:55:29] [INFO] [Pszczoła -1] Wchodzi przez wejście/wyjście 562823977. (W ulu: -1220845824)
[26-01-2025 18:55:30] [INFO] [Pszczoła -1] Wchodzi przez wejście/wyjście 562823977. (W ulu: -1220845824)
[26-01-2025 18:55:31] [INFO] [Pszczoła -1] Wchodzi przez wejście/wyjście 562823977. (W ulu: -1220845824)
[26-01-2025 18:55:31] [INFO] [Pszczoła -1] Wchodzi przez wejście/wyjście 562823977. (W ulu: -1220845824)
[26-01-2025 18:55:32] [INFO] [Pszczoła -1] Wchodzi przez wejście/wyjście 562823977. (W ulu: -1220845824)
[26-01-2025 18:55:33] [INFO] [Pszczoła -1] Wchodzi przez wejście/wyjście 562823977. (W ulu: -1220845824)
[26-01-2025 18:55:34] [INFO] [Pszczoła -1] Wchodzi przez wejście/wyjście 562823977. (W ulu: -1220845824)
[26-01-2025 18:55:34] [INFO] [Pszczoła -1] Wchodzi przez wejście/wyjście 562823977. (W ulu: -1220845824)
[26-01-2025 18:55:35] [INFO] [Pszczoła -1] Wchodzi przez wejście/wyjście 562823977. (W ulu: -1220845824)
[26-01-2025 18:55:35] [INFO] [Pszczoła -1] Wchodzi przez wejście/wyjście 562823977. (W ulu: -1220845824)
[26-01-2025 18:55:36] [INFO] [Pszczoła -1] Wchodzi przez wejście/wyjście 562823977. (W ulu: -1220845824)
[26-01-2025 18:55:37] [INFO] [Pszczoła -1] Wchodzi przez wejście/wyjście 562823977. (W ulu: -1220845824)
[26-01-2025 18:55:38] [INFO] [Pszczoła -1] Wchodzi przez wejście/wyjście 562823977. (W ulu: -1220845824)
[26-01-2025 18:56:27] [INFO] [Pszczoła 1957689152] Wchodzi przez wejście/wyjście 562823977. (W ulu: -547954880)
[26-01-2025 18:56:28] [INFO] [Pszczoła -1] Wchodzi przez wejście/wyjście 562823977. (W ulu: -547954880)
[26-01-2025 18:56:28] [INFO] [Pszczoła -1] Wchodzi przez wejście/wyjście 562823977. (W ulu: -547954880)
[26-01-2025 18:56:29] [INFO] [Pszczoła -1] Wchodzi przez wejście/wyjście 562823977. (W ulu: -547954880)
[26-01-2025 18:56:30] [INFO] [Pszczoła -1] Wchodzi przez wejście/wyjście 562823977. (W ulu: -547954880)
[26-01-2025 18:56:31] [INFO] [Pszczoła -1] Wchodzi przez wejście/wyjście 562823977. (W ulu: -547954880)
[26-01-2025 18:56:32] [INFO] [Pszczoła -1] Wchodzi przez wejście/wyjście 562823977. (W ulu: -547954880)
[26-01-2025 18:56:32] [INFO] [Pszczoła -1] Wchodzi przez wejście/wyjście 562823977. (W ulu: -547954880)
[26-01-2025 18:56:33] [INFO] [Pszczoła -1] Wchodzi przez wejście/wyjście 562823977. (W ulu: -547954880)
[26-01-2025 18:56:34] [INFO] [Pszczoła -1] Wchodzi przez wejście/wyjście 562823977. (W ulu: -547954880)
[26-01-2025 18:56:34] [INFO] [Pszczoła -1] Wchodzi przez wejście/wyjście 562823977. (W ulu: -547954880)
[26-01-2025 18:56:35] [INFO] [Pszczoła -1] Wchodzi przez wejście/wyjście 562823977. (W ulu: -547954880)
[26-01-2025 18:56:36] [INFO] [Pszczoła -1] Wchodzi przez wejście/wyjście 562823977. (W ulu: -547954880)
[26-01-2025 18:56:37] [INFO] [Pszczoła -1] Wchodzi przez wejście/wyjście 562823977. (W ulu: -547954880)
[26-01-2025 18:56:37] [INFO] [Pszczoła -1] Wchodzi przez wejście/wyjście 562823977. (W ulu: -547954880)
[26-01-2025 18:56:38] [INFO] [Pszczoła -1] Wchodzi przez wejście/wyjście 562823977. (W ulu: -547954880)
[26-01-2025 18:56:39] [INFO] [Pszczoła -1] Wchodzi przez wejście/wyjście 562823977. (W ulu: -547954880)
[26-01-2025 18:56:39] [INFO] [Pszczoła -1] Wchodzi przez wejście/wyjście 562823977. (W ulu: -547954880)
[26-01-2025 18:56:40] [INFO] [Pszczoła -1] Wchodzi przez wejście/wyjście 562823977. (W ulu: -547954880)
[26-01-2025 18:56:41] [INFO] [Pszczoła -1] Wchodzi przez wejście/wyjście 562823977. (W ulu: -547954880)
[26-01-2025 18:56:42] [INFO] [Pszczoła -1] Wchodzi przez wejście/wyjście 562823977. (W ulu: -547954880)
[26-01-2025 18:56:42] [INFO] [Pszczoła -1] Wchodzi przez wejście/wyjście 562823977. (W ulu: -547954880)
[26-01-2025 18:56:43] [INFO] [Pszczoła -1] Wchodzi przez wejście/wyjście 562823977. (W ulu: -547954880)
[26-01-2025 18:56:44] [INFO] [Pszczoła -1] Wchodzi przez wejście/wyjście 562823977. (W ulu: -547954880)
[26-01-2025 18:56:44] [INFO] [Pszczoła -1] Wchodzi przez wejście/wyjście 562823977. (W ulu: -547954880)
[26-01-2025 18:56:45] [INFO] [Pszczoła -1] Wchodzi przez wejście/wyjście 562823977. (W ulu: -547954880)
[26-01-2025 18:56:45] [INFO] [Pszczoła -1] Wchodzi przez wejście/wyjście 562823977. (W ulu: -547954880)
[26-01-2025 18:56:46] [INFO] [Pszczoła -1] Wchodzi przez wejście/wyjście 562823977. (W ulu: -547954880)
[26-01-2025 18:56:47] [INFO] [Pszczoła -1] Wchodzi przez wejście/wyjście 562823977. (W ulu: -547954880)
[26-01-2025 18:56:47] [INFO] [Królowa] Składa 3 jaja.
[26-01-2025 18:56:47] [INFO] [Królowa] Teraz żywych pszczół: 0
[26-01-2025 18:56:48] [INFO] [Pszczoła -1] Wchodzi przez wejście/wyjście 562823977. (W ulu: -547954880)
[26-01-2025 18:56:49] [INFO] [Pszczoła -1] Wchodzi przez wejście/wyjście 562823977. (W ulu: -547954880)
[26-01-2025 18:56:50] [INFO] [Pszczoła -1] Wchodzi przez wejście/wyjście 562823977. (W ulu: -547954880)
[26-01-2025 18:56:50] [INFO] [Pszczoła -1] Wchodzi przez wejście/wyjście 562823977. (W ulu: -547954880)
[26-01-2025 18:56:51] [INFO] [Pszczoła -1] Wchodzi przez wejście/wyjście 562823977. (W ulu: -547954880)
[26-01-2025 18:56:52] [INFO] [Pszczoła -1] Wchodzi przez wejście/wyjście 562823977. (W ulu: -547954880)
[26-01-2025 18:56:53] [INFO] [Pszczoła -1] Wchodzi przez wejście/wyjście 562823977. (W ulu: -547954880)
[26-01-2025 18:56:54] [INFO] [Pszczoła -1] Wchodzi przez wejście/wyjście 562823977. (W ulu: -547954880)
[26-01-2025 18:56:54] [INFO] [Pszczoła -1] Wchodzi przez wejście/wyjście 562823977. (W ulu: -547954880)
[26-01-2025 18:56:55] [INFO] [Pszczoła -1] Wchodzi przez wejście/wyjście 562823977. (W ulu: -547954880)
[26-01-2025 18:56:56] [INFO] [Pszczoła -1] Wchodzi przez wejście/wyjście 562823977. (W ulu: -547954880)
[26-01-2025 18:56:56] [INFO] [Pszczoła -1] Wchodzi przez wejście/wyjście 562823977. (W ulu: -547954880)
[26-01-2025 18:56:57] [INFO] [Pszczoła -1] Wchodzi przez wejście/wyjście 562823977. (W ulu: -547954880)
[26-01-2025 18:56:58] [INFO] [Pszczoła -1] Wchodzi przez wejście/wyjście 562823977. (W ulu: -547954880)
[26-01-2025 18:56:59] [INFO] [Pszczoła -1] Wchodzi przez wejście/wyjście 562823977. (W ulu: -547954880)
[26-01-2025 18:56:59] [INFO] [Pszczoła -1] Wchodzi przez wejście/wyjście 562823977. (W ulu: -547954880)
[26-01-2025 18:57:00] [INFO] [Pszczoła -1] Wchodzi przez wejście/wyjście 562823977. (W ulu: -547954880)
[26-01-2025 18:57:07] [WARNING] [Królowa] Za mało miejsca w ulu (wolne: 1958668922) lub brak miejsca w kolonii.
[26-01-2025 18:58:29] [INFO] [Pszczoła 106551104] Wchodzi przez wejście/wyjście 562823977. (W ulu: 45046864)
[26-01-2025 18:58:30] [INFO] [Pszczoła -1] Wchodzi przez wejście/wyjście 562823977. (W ulu: 45046864)
[26-01-2025 18:58:30] [INFO] [Pszczoła -1] Wchodzi przez wejście/wyjście 562823977. (W ulu: 45046864)
[26-01-2025 18:58:31] [INFO] [Pszczoła -1] Wchodzi przez wejście/wyjście 562823977. (W ulu: 45046864)
[26-01-2025 18:58:32] [INFO] [Pszczoła -1] Wchodzi przez wejście/wyjście 562823977. (W ulu: 45046864)
[26-01-2025 18:58:33] [INFO] [Pszczoła -1] Wchodzi przez wejście/wyjście 562823977. (W ulu: 45046864)
[26-01-2025 18:58:33] [INFO] [Pszczoła -1] Wchodzi przez wejście/wyjście 562823977. (W ulu: 45046864)
[26-01-2025 18:58:34] [INFO] [Pszczoła -1] Wchodzi przez wejście/wyjście 562823977. (W ulu: 45046864)
[26-01-2025 18:58:35] [INFO] [Pszczoła -1] Wchodzi przez wejście/wyjście 562823977. (W ulu: 45046864)
[26-01-2025 18:58:35] [INFO] [Pszczoła -1] Wchodzi przez wejście/wyjście 562823977. (W ulu: 45046864)
[26-01-2025 18:58:36] [INFO] [Pszczoła -1] Wchodzi przez wejście/wyjście 562823977. (W ulu: 45046864)
[26-01-2025 18:58:37] [INFO] [Pszczoła -1] Wchodzi przez wejście/wyjście 562823977. (W ulu: 45046864)
[26-01-2025 18:58:38] [INFO] [Pszczoła -1] Wchodzi przez wejście/wyjście 562823977. (W ulu: 45046864)
[26-01-2025 18:58:38] [INFO] [Pszczoła -1] Wchodzi przez wejście/wyjście 562823977. (W ulu: 45046864)
[26-01-2025 18:58:39] [INFO] [Pszczoła -1] Wchodzi przez wejście/wyjście 562823977. (W ulu: 45046864)
[26-01-2025 18:58:40] [INFO] [Pszczoła -1] Wchodzi przez wejście/wyjście 562823977. (W ulu: 45046864)
[26-01-2025 18:58:41] [INFO] [Pszczoła -1] Wchodzi przez wejście/wyjście 562823977. (W ulu: 45046864)
[26-01-2025 18:58:42] [INFO] [Pszczoła -1] Wchodzi przez wejście/wyjście 562823977. (W ulu: 45046864)
[26-01-2025 18:58:42] [INFO] [Pszczoła -1] Wchodzi przez wejście/wyjście 562823977. (W ulu: 45046864)
[26-01-2025 18:58:43] [INFO] [Pszczoła -1] Wchodzi przez wejście/wyjście 562823977. (W ulu: 45046864)
[26-01-2025 18:58:48] [INFO] [Pszczoła 587355968] Wchodzi przez wejście/wyjście 562823977. (W ulu: -1322587504)
[26-01-2025 18:58:49] [INFO] [Pszczoła -1] Wchodzi przez wejście/wyjście 562823977. (W ulu: -1322587504)
[26-01-2025 18:58:50] [INFO] [Pszczoła -1] Wchodzi przez wejście/wyjście 562823977. (W ulu: -1322587504)
[26-01-2025 18:58:51] [INFO] [Pszczoła -1] Wchodzi przez wejście/wyjście 562823977. (W ulu: -1322587504)
[26-01-2025 18:58:51] [INFO] [Pszczoła -1] Wchodzi przez wejście/wyjście 562823977. (W ulu: -1322587504)
[26-01-2025 18:58:52] [INFO] [Pszczoła -1] Wchodzi przez wejście/wyjście 562823977. (W ulu: -1322587504)
[26-01-2025 18:58:53] [INFO] [Pszczoła -1] Wchodzi przez wejście/wyjście 562823977. (W ulu: -1322587504)
[26-01-2025 18:58:54] [INFO] [Pszczoła -1] Wchodzi przez wejście/wyjście 562823977. (W ulu: -1322587504)
[26-01-2025 18:58:54] [INFO] [Pszczoła -1] Wchodzi przez wejście/wyjście 562823977. (W ulu: -1322587504)
[26-01-2025 18:58:55] [INFO] [Pszczoła -1] Wchodzi przez wejście/wyjście 562823977. (W ulu: -1322587504)
[26-01-2025 18:58:56] [INFO] [Pszczoła -1] Wchodzi przez wejście/wyjście 562823977. (W ulu: -1322587504)
[26-01-2025 18:58:56] [INFO] [Pszczoła -1] Wchodzi przez wejście/wyjście 562823977. (W ulu: -1322587504)
[26-01-2025 18:58:57] [INFO] [Pszczoła -1] Wchodzi przez wejście/wyjście 562823977. (W ulu: -1322587504)
[26-01-2025 18:58:58] [INFO] [Pszczoła -1] Wchodzi przez wejście/wyjście 562823977. (W ulu: -1322587504)
[26-01-2025 18:58:59] [INFO] [Pszczoła -1] Wchodzi przez wejście/wyjście 562823977. (W ulu: -1322587504)
[26-01-2025 18:59:00] [INFO] [Pszczoła -1] Wchodzi przez wejście/wyjście 562823977. (W ulu: -1322587504)
[26-01-2025 18:59:00] [INFO] [Pszczoła -1] Wchodzi przez wejście/wyjście 562823977. (W ulu: -1322587504)
[26-01-2025 18:59:01] [INFO] [Pszczoła -1] Wchodzi przez wejście/wyjście 562823977. (W ulu: -1322587504)
[26-01-2025 18:59:02] [INFO] [Pszczoła -1] Wchodzi przez wejście/wyjście 562823977. (W ulu: -1322587504)
[26-01-2025 18:59:02] [INFO] [Pszczoła -1] Wchodzi przez wejście/wyjście 562823977. (W ulu: -1322587504)
[26-01-2025 18:59:03] [INFO] [Pszczoła -1] Wchodzi przez wejście/wyjście 562823977. (W ulu: -1322587504)
[26-01-2025 18:59:04] [INFO] [Pszczoła -1] Wchodzi przez wejście/wyjście 562823977. (W ulu: -1322587504)
[26-01-2025 18:59:05] [INFO] [Pszczoła -1] Wchodzi przez wejście/wyjście 562823977. (W ulu: -1322587504)
[26-01-2025 18:59:05] [INFO] [Pszczoła -1] Wchodzi przez wejście/wyjście 562823977. (W ulu: -1322587504)
[26-01-2025 18:59:06] [INFO] [Pszczoła -1] Wchodzi przez wejście/wyjście 562823977. (W ulu: -1322587504)
[26-01-2025 18:59:07] [INFO] [Pszczoła -1] Wchodzi przez wejście/wyjście 562823977. (W ulu: -1322587504)
[26-01-2025 18:59:08] [INFO] [Pszczoła -1] Wchodzi przez wejście/wyjście 562823977. (W ulu: -1322587504)
[26-01-2025 18:59:09] [INFO] [Pszczoła -1] Wchodzi przez wejście/wyjście 562823977. (W ulu: -1322587504)
[26-01-2025 18:59:09] [INFO] [Królowa] Składa 3 jaja.
[26-01-2025 18:59:09] [INFO] [Królowa] Teraz żywych pszczół: 0
[26-01-2025 18:59:09] [INFO] [Pszczoła -1] Wchodzi przez wejście/wyjście 562823977. (W ulu: -1322587504)
[26-01-2025 18:59:10] [INFO] [Pszczoła -1] Wchodzi przez wejście/wyjście 562823977. (W ulu: -1322587504)
[26-01-2025 18:59:11] [INFO] [Pszczoła -1] Wchodzi przez wejście/wyjście 562823977. (W ulu: -1322587504)
[26-01-2025 18:59:12] [INFO] [Pszczoła -1] Wchodzi przez wejście/wyjście 562823977. (W ulu: -1322587504)
[26-01-2025 18:59:12] [INFO] [Pszczoła -1] Wchodzi przez wejście/wyjście 562823977. (W ulu: -1322587504)
[26-01-2025 18:59:13] [INFO] [Pszczoła -1] Wchodzi przez wejście/wyjście 562823977. (W ulu: -1322587504)
[26-01-2025 18:59:14] [INFO] [Pszczoła -1] Wchodzi przez wejście/wyjście 562823977. (W ulu: -1322587504)
[26-01-2025 18:59:15] [INFO] [Pszczoła -1] Wchodzi przez wejście/wyjście 562823977. (W ulu: -1322587504)
[26-01-2025 18:59:15] [INFO] [Pszczoła -1] Wchodzi przez wejście/wyjście 562823977. (W ulu: -1322587504)
[26-01-2025 18:59:16] [INFO] [Pszczoła -1] Wchodzi przez wejście/wyjście 562823977. (W ulu: -1322587504)
[26-01-2025 18:59:17] [INFO] [Pszczoła -1] Wchodzi przez wejście/wyjście 562823977. (W ulu: -1322587504)
[26-01-2025 18:59:17] [INFO] [Pszczoła -1] Wchodzi przez wejście/wyjście 562823977. (W ulu: -1322587504)
[26-01-2025 18:59:18] [INFO] [Pszczoła -1] Wchodzi przez wejście/wyjście 562823977. (W ulu: -1322587504)
[26-01-2025 18:59:19] [INFO] [Pszczoła -1] Wchodzi przez wejście/wyjście 562823977. (W ulu: -1322587504)
[26-01-2025 18:59:19] [INFO] [Pszczoła -1] Wchodzi przez wejście/wyjście 562823977. (W ulu: -1322587504)
[26-01-2025 18:59:20] [INFO] [Pszczoła -1] Wchodzi przez wejście/wyjście 562823977. (W ulu: -1322587504)
[26-01-2025 18:59:21] [INFO] [Pszczoła -1] Wchodzi przez wejście/wyjście 562823977. (W ulu: -1322587504)
[26-01-2025 18:59:21] [INFO] [Pszczoła -1] Wchodzi przez wejście/wyjście 562823977. (W ulu: -1322587504)
[26-01-2025 18:59:22] [INFO] [Pszczoła -1] Wychodzi przez wejście 562823977. (W ulu: -1322587504)
[26-01-2025 18:59:23] [INFO] [Pszczoła -1] Wchodzi przez wejście/wyjście 562823977. (W ulu: -1322587504)
[26-01-2025 18:59:24] [INFO] [Pszczoła -1] Wychodzi przez wejście 562823977. (W ulu: -1322587504)
[26-01-2025 18:59:24] [INFO] [Pszczoła -1] Wychodzi przez wejście 562823977. (W ulu: -1322587504)
[26-01-2025 18:59:25] [INFO] [Pszczoła -1] Wchodzi przez wejście/wyjście 562823977. (W ulu: -1322587504)
[26-01-2025 18:59:26] [INFO] [Pszczoła -1] Wchodzi przez wejście/wyjście 562823977. (W ulu: -1322587504)
[26-01-2025 18:59:27] [INFO] [Pszczoła -1] Wychodzi przez wejście 562823977. (W ulu: -1322587504)
[26-01-2025 18:59:28] [INFO] [Pszczoła -1] Wychodzi przez wejście 562823977. (W ulu: -1322587504)
[26-01-2025 18:59:28] [INFO] [Pszczoła -1] Wychodzi przez wejście 562823977. (W ulu: -1322587504)
[26-01-2025 18:59:29] [INFO] [Pszczoła -1] Wychodzi przez wejście 562823977. (W ulu: -1322587504)
[26-01-2025 18:59:30] [INFO] [Pszczoła -1] Wychodzi przez wejście 562823977. (W ulu: -1322587504)
[26-01-2025 18:59:31] [INFO] [Pszczoła -1] Wychodzi przez wejście 562823977. (W ulu: -1322587504)
[26-01-2025 18:59:31] [INFO] [Pszczoła -1] Wchodzi przez wejście/wyjście 562823977. (W ulu: -1322587504)
[26-01-2025 18:59:32] [INFO] [Pszczoła -1] Wchodzi przez wejście/wyjście 562823977. (W ulu: -1322587504)
[26-01-2025 18:59:33] [INFO] [Pszczoła -1] Wchodzi przez wejście/wyjście 562823977. (W ulu: -1322587504)
[26-01-2025 18:59:33] [INFO] [Królowa] Składa 3 jaja.
[26-01-2025 18:59:33] [INFO] [Królowa] Teraz żywych pszczół: 0
[26-01-2025 18:59:34] [INFO] [Pszczoła -1] Wychodzi przez wejście 562823977. (W ulu: -1322587504)
[26-01-2025 18:59:35] [INFO] [Pszczoła -1] Wchodzi przez wejście/wyjście 562823977. (W ulu: -1322587504)
[26-01-2025 18:59:36] [INFO] [Pszczoła -1] Wychodzi przez wejście 562823977. (W ulu: -1322587504)
[26-01-2025 18:59:36] [INFO] [Pszczoła -1] Wychodzi przez wejście 562823977. (W ulu: -1322587504)
[26-01-2025 18:59:37] [INFO] [Pszczoła -1] Wchodzi przez wejście/wyjście 562823977. (W ulu: -1322587504)
[26-01-2025 18:59:38] [INFO] [Pszczoła -1] Wchodzi przez wejście/wyjście 562823977. (W ulu: -1322587504)
[26-01-2025 18:59:39] [INFO] [Pszczoła -1] Wychodzi przez wejście 562823977. (W ulu: -1322587504)
[26-01-2025 18:59:40] [INFO] [Pszczoła -1] Wchodzi przez wejście/wyjście 562823977. (W ulu: -1322587504)
[26-01-2025 18:59:41] [INFO] [Pszczoła -1] Wychodzi przez wejście 562823977. (W ulu: -1322587504)
[26-01-2025 18:59:41] [INFO] [Pszczoła -1] Wchodzi przez wejście/wyjście 562823977. (W ulu: -1322587504)
[26-01-2025 18:59:42] [INFO] [Pszczoła -1] Wychodzi przez wejście 562823977. (W ulu: -1322587504)
[26-01-2025 19:04:54] [INFO] [Pszczoła 1021663040] Wchodzi przez wejście/wyjście 0. (W ulu: 777811040)
[26-01-2025 19:04:55] [INFO] [Pszczoła -1] Wchodzi przez wejście/wyjście 0. (W ulu: 777811040)
[26-01-2025 19:04:56] [INFO] [Pszczoła -1] Wchodzi przez wejście/wyjście 0. (W ulu: 777811040)
[26-01-2025 19:04:56] [INFO] [Pszczoła -1] Wchodzi przez wejście/wyjście 0. (W ulu: 777811040)
[26-01-2025 19:04:57] [INFO] [Pszczoła -1] Wchodzi przez wejście/wyjście 0. (W ulu: 777811040)
[26-01-2025 19:04:58] [INFO] [Pszczoła -1] Wchodzi przez wejście/wyjście 0. (W ulu: 777811040)
[26-01-2025 19:04:59] [INFO] [Pszczoła -1] Wchodzi przez wejście/wyjście 0. (W ulu: 777811040)
[26-01-2025 19:04:59] [INFO] [Pszczoła -1] Wchodzi przez wejście/wyjście 0. (W ulu: 777811040)
[26-01-2025 19:05:00] [INFO] [Pszczoła -1] Wchodzi przez wejście/wyjście 0. (W ulu: 777811040)
[26-01-2025 19:05:01] [INFO] [Pszczoła -1] Wchodzi przez wejście/wyjście 0. (W ulu: 777811040)
[26-01-2025 19:05:02] [INFO] [Pszczoła -1] Wchodzi przez wejście/wyjście 0. (W ulu: 777811040)
[26-01-2025 19:05:03] [INFO] [Pszczoła -1] Wchodzi przez wejście/wyjście 0. (W ulu: 777811040)
[26-01-2025 19:05:03] [INFO] [Pszczoła -1] Wchodzi przez wejście/wyjście 0. (W ulu: 777811040)
[26-01-2025 19:05:04] [INFO] [Pszczoła -1] Wchodzi przez wejście/wyjście 0. (W ulu: 777811040)
[26-01-2025 19:05:05] [INFO] [Pszczoła -1] Wchodzi przez wejście/wyjście 0. (W ulu: 777811040)
[26-01-2025 19:05:06] [INFO] [Pszczoła -1] Wchodzi przez wejście/wyjście 0. (W ulu: 777811040)
[26-01-2025 19:05:06] [INFO] [Pszczoła -1] Wchodzi przez wejście/wyjście 0. (W ulu: 777811040)
[26-01-2025 19:05:07] [INFO] [Pszczoła -1] Wchodzi przez wejście/wyjście 0. (W ulu: 777811040)
[26-01-2025 19:05:08] [INFO] [Pszczoła -1] Wchodzi przez wejście/wyjście 0. (W ulu: 777811040)
[26-01-2025 19:05:08] [INFO] [Pszczoła -1] Wchodzi przez wejście/wyjście 0. (W ulu: 777811040)
[26-01-2025 19:05:09] [INFO] [Pszczoła -1] Wchodzi przez wejście/wyjście 0. (W ulu: 777811040)
[26-01-2025 19:05:10] [INFO] [Pszczoła -1] Wchodzi przez wejście/wyjście 0. (W ulu: 777811040)
[26-01-2025 19:05:10] [INFO] [Pszczoła -1] Wchodzi przez wejście/wyjście 0. (W ulu: 777811040)
[26-01-2025 19:05:11] [INFO] [Pszczoła -1] Wchodzi przez wejście/wyjście 0. (W ulu: 777811040)
[26-01-2025 19:05:12] [INFO] [Pszczoła -1] Wchodzi przez wejście/wyjście 0. (W ulu: 777811040)
[26-01-2025 19:05:13] [INFO] [Pszczoła -1] Wchodzi przez wejście/wyjście 0. (W ulu: 777811040)
[26-01-2025 19:05:13] [INFO] [Pszczoła -1] Wchodzi przez wejście/wyjście 0. (W ulu: 777811040)
[26-01-2025 19:05:14] [INFO] [Pszczoła -1] Wchodzi przez wejście/wyjście 0. (W ulu: 777811040)
[26-01-2025 19:05:15] [INFO] [Pszczoła -1] Wchodzi przez wejście/wyjście 0. (W ulu: 777811040)
[26-01-2025 19:05:15] [INFO] [Królowa] Składa 3 jaja.
[26-01-2025 19:05:15] [INFO] [Królowa] Teraz żywych pszczół: 0
[26-01-2025 19:05:16] [INFO] [Pszczoła -1] Wchodzi przez wejście/wyjście 0. (W ulu: 777811040)
[26-01-2025 19:05:16] [INFO] [Pszczoła -1] Wchodzi przez wejście/wyjście 0. (W ulu: 777811040)
[26-01-2025 19:05:17] [INFO] [Pszczoła -1] Wchodzi przez wejście/wyjście 0. (W ulu: 777811040)
[26-01-2025 19:05:18] [INFO] [Pszczoła -1] Wchodzi przez wejście/wyjście 0. (W ulu: 777811040)
[26-01-2025 19:05:19] [INFO] [Pszczoła -1] Wchodzi przez wejście/wyjście 0. (W ulu: 777811040)
[26-01-2025 19:05:20] [INFO] [Pszczoła -1] Wchodzi przez wejście/wyjście 0. (W ulu: 777811040)
[26-01-2025 19:05:21] [INFO] [Pszczoła -1] Wchodzi przez wejście/wyjście 0. (W ulu: 777811040)
[26-01-2025 19:05:22] [INFO] [Pszczoła -1] Wchodzi przez wejście/wyjście 0. (W ulu: 777811040)
[26-01-2025 19:05:22] [INFO] [Pszczoła -1] Wchodzi przez wejście/wyjście 0. (W ulu: 777811040)
[26-01-2025 19:05:23] [INFO] [Pszczoła -1] Wchodzi przez wejście/wyjście 0. (W ulu: 777811040)
[26-01-2025 19:05:24] [INFO] [Pszczoła -1] Wchodzi przez wejście/wyjście 0. (W ulu: 777811040)
[26-01-2025 19:05:24] [INFO] [Pszczoła -1] Wchodzi przez wejście/wyjście 0. (W ulu: 777811040)
[26-01-2025 19:05:25] [INFO] [Pszczoła -1] Wchodzi przez wejście/wyjście 0. (W ulu: 777811040)
[26-01-2025 19:05:26] [INFO] [Pszczoła -1] Wchodzi przez wejście/wyjście 0. (W ulu: 777811040)
[26-01-2025 19:05:26] [INFO] [Pszczoła -1] Wchodzi przez wejście/wyjście 0. (W ulu: 777811040)
[26-01-2025 19:05:27] [INFO] [Pszczoła -1] Wchodzi przez wejście/wyjście 0. (W ulu: 777811040)
[26-01-2025 19:05:28] [INFO] [Pszczoła -1] Wchodzi przez wejście/wyjście 0. (W ulu: 777811040)
[26-01-2025 19:05:28] [INFO] [Pszczoła -1] Wychodzi przez wejście 0. (W ulu: 777811040)
[26-01-2025 19:05:29] [INFO] [Pszczoła -1] Wychodzi przez wejście 0. (W ulu: 777811040)
[26-01-2025 19:05:30] [INFO] [Pszczoła -1] Wchodzi przez wejście/wyjście 0. (W ulu: 777811040)
[26-01-2025 19:05:31] [INFO] [Pszczoła -1] Wychodzi przez wejście 0. (W ulu: 777811040)
[26-01-2025 19:05:32] [INFO] [Pszczoła -1] Wychodzi przez wejście 0. (W ulu: 777811040)
[26-01-2025 19:05:32] [INFO] [Pszczoła -1] Wychodzi przez wejście 0. (W ulu: 777811040)
[26-01-2025 19:05:33] [INFO] [Pszczoła -1] Wchodzi przez wejście/wyjście 0. (W ulu: 777811040)
[26-01-2025 19:05:34] [INFO] [Pszczoła -1] Wchodzi przez wejście/wyjście 0. (W ulu: 777811040)
[26-01-2025 19:05:34] [INFO] [Pszczoła -1] Wychodzi przez wejście 0. (W ulu: 777811040)
[26-01-2025 19:05:35] [INFO] [Pszczoła -1] Wychodzi przez wejście 0. (W ulu: 777811040)
[26-01-2025 19:05:36] [INFO] [Pszczoła -1] Wychodzi przez wejście 0. (W ulu: 777811040)
[26-01-2025 19:05:37] [INFO] [Pszczoła -1] Wychodzi przez wejście 0. (W ulu: 777811040)
[26-01-2025 19:05:37] [INFO] [Pszczoła -1] Wychodzi przez wejście 0. (W ulu: 777811040)
[26-01-2025 19:05:38] [INFO] [Pszczoła -1] Wychodzi przez wejście 0. (W ulu: 777811040)
[26-01-2025 19:05:39] [INFO] [Pszczoła -1] Wychodzi przez wejście 0. (W ulu: 777811040)
[26-01-2025 19:05:39] [INFO] [Królowa] Składa 3 jaja.
[26-01-2025 19:05:39] [INFO] [Królowa] Teraz żywych pszczół: 0
[26-01-2025 19:05:39] [INFO] [Pszczoła -1] Wychodzi przez wejście 0. (W ulu: 777811040)
[26-01-2025 19:05:40] [INFO] [Pszczoła -1] Wychodzi przez wejście 0. (W ulu: 777811040)
[26-01-2025 19:05:41] [INFO] [Pszczoła -1] Wychodzi przez wejście 0. (W ulu: 777811040)
[26-01-2025 19:05:42] [INFO] [Pszczoła -1] Wychodzi przez wejście 0. (W ulu: 777811040)
[26-01-2025 19:05:43] [INFO] [Pszczoła -1] Wychodzi przez wejście 0. (W ulu: 777811040)
[26-01-2025 19:05:43] [INFO] [Pszczoła -1] Wychodzi przez wejście 0. (W ulu: 777811040)
[26-01-2025 19:05:44] [INFO] [Pszczoła -1] Wychodzi przez wejście 0. (W ulu: 777811040)
[26-01-2025 19:05:45] [INFO] [Pszczoła -1] Wychodzi przez wejście 0. (W ulu: 777811040)
[26-01-2025 19:05:45] [INFO] [Pszczoła -1] Wychodzi przez wejście 0. (W ulu: 777811040)
[26-01-2025 19:05:46] [INFO] [Pszczoła -1] Wychodzi przez wejście 0. (W ulu: 777811040)
[26-01-2025 19:05:47] [INFO] [Pszczoła -1] Wychodzi przez wejście 0. (W ulu: 777811040)
[26-01-2025 19:05:47] [INFO] [Pszczoła -1] Wchodzi przez wejście/wyjście 1. (W ulu: 777810896)
[26-01-2025 19:05:48] [INFO] [Pszczoła -1] Wchodzi przez wejście/wyjście 1. (W ulu: 777810896)
[26-01-2025 19:05:49] [INFO] [Pszczoła -1] Wychodzi przez wejście 0. (W ulu: 777811040)
[26-01-2025 19:05:50] [INFO] [Pszczoła -1] Wychodzi przez wejście 0. (W ulu: 777811040)
[26-01-2025 19:05:50] [INFO] [Pszczoła -1] Wychodzi przez wejście 0. (W ulu: 777811040)
[26-01-2025 19:05:51] [INFO] [Pszczoła -1] Wchodzi przez wejście/wyjście 1. (W ulu: 777810896)
[26-01-2025 19:05:52] [INFO] [Pszczoła -1] Wychodzi przez wejście 0. (W ulu: 777811040)
[26-01-2025 19:05:53] [INFO] [Pszczoła -1] Wychodzi przez wejście 0. (W ulu: 777811040)
[26-01-2025 19:05:54] [INFO] [Pszczoła -1] Wychodzi przez wejście 0. (W ulu: 777811040)
[26-01-2025 19:05:54] [INFO] [Pszczoła -1] Wychodzi przez wejście 0. (W ulu: 777811040)
[26-01-2025 19:05:55] [INFO] [Pszczoła -1] Wychodzi przez wejście 0. (W ulu: 777811040)
[26-01-2025 19:05:56] [INFO] [Pszczoła -1] Wychodzi przez wejście 0. (W ulu: 777811040)
[26-01-2025 19:05:57] [INFO] [Pszczoła -1] Wychodzi przez wejście 0. (W ulu: 777811040)
[26-01-2025 19:05:57] [INFO] [Pszczoła -1] Wychodzi przez wejście 0. (W ulu: 777811040)
[26-01-2025 19:05:58] [INFO] [Pszczoła -1] Wychodzi przez wejście 0. (W ulu: 777811040)
[26-01-2025 19:05:58] [INFO] [Pszczoła -1] Wychodzi przez wejście 0. (W ulu: 777811040)
[26-01-2025 19:05:59] [INFO] [Pszczoła -1] Wychodzi przez wejście 0. (W ulu: 777811040)
[26-01-2025 19:06:00] [INFO] [Pszczoła -1] Wychodzi przez wejście 0. (W ulu: 777811040)
[26-01-2025 19:06:00] [INFO] [Królowa] Składa 3 jaja.
[26-01-2025 19:06:00] [INFO] [Królowa] Teraz żywych pszczół: 0
[26-01-2025 19:06:01] [INFO] [Pszczoła -1] Wychodzi przez wejście 0. (W ulu: 777811040)
[26-01-2025 19:06:01] [INFO] [Pszczoła -1] Wychodzi przez wejście 0. (W ulu: 777811040)
[26-01-2025 19:06:02] [INFO] [Pszczoła -1] Wychodzi przez wejście 0. (W ulu: 777811040)
[26-01-2025 19:06:03] [INFO] [Pszczoła -1] Wchodzi przez wejście/wyjście 1. (W ulu: 777810896)
[26-01-2025 19:06:04] [INFO] [Pszczoła -1] Wchodzi przez wejście/wyjście 0. (W ulu: 777811040)
[26-01-2025 19:06:05] [INFO] [Pszczoła -1] Wchodzi przez wejście/wyjście 0. (W ulu: 777811040)
[26-01-2025 19:06:06] [INFO] [Pszczoła -1] Wchodzi przez wejście/wyjście 0. (W ulu: 777811040)
[26-01-2025 19:06:06] [INFO] [Pszczoła -1] Wychodzi przez wejście 0. (W ulu: 777811040)
[26-01-2025 19:06:07] [INFO] [Pszczoła -1] Wchodzi przez wejście/wyjście 0. (W ulu: 777811040)
[26-01-2025 19:06:08] [INFO] [Pszczoła -1] Wchodzi przez wejście/wyjście 0. (W ulu: 777811040)
[26-01-2025 19:06:09] [INFO] [Pszczoła -1] Wychodzi przez wejście 0. (W ulu: 777811040)
[26-01-2025 19:06:09] [INFO] [Pszczoła -1] Wychodzi przez wejście 0. (W ulu: 777811040)
[26-01-2025 19:06:10] [INFO] [Pszczoła -1] Wchodzi przez wejście/wyjście 0. (W ulu: 777811040)
[26-01-2025 19:06:11] [INFO] [Pszczoła -1] Wchodzi przez wejście/wyjście 0. (W ulu: 777811040)
[26-01-2025 19:06:12] [INFO] [Pszczoła -1] Wchodzi przez wejście/wyjście 0. (W ulu: 777811040)
[26-01-2025 19:06:12] [INFO] [Pszczoła -1] Wychodzi przez wejście 0. (W ulu: 777811040)
[26-01-2025 19:06:13] [INFO] [Pszczoła -1] Wychodzi przez wejście 0. (W ulu: 777811040)
[26-01-2025 19:06:14] [INFO] [Pszczoła -1] Wchodzi przez wejście/wyjście 0. (W ulu: 777811040)
[26-01-2025 19:06:14] [INFO] [Pszczoła -1] Wychodzi przez wejście 0. (W ulu: 777811040)
[26-01-2025 19:06:15] [INFO] [Pszczoła -1] Wychodzi przez wejście 0. (W ulu: 777811040)
[26-01-2025 19:06:16] [INFO] [Pszczoła -1] Wychodzi przez wejście 0. (W ulu: 777811040)
[26-01-2025 19:06:17] [INFO] [Pszczoła -1] Wchodzi przez wejście/wyjście 0. (W ulu: 777811040)
[26-01-2025 19:06:18] [INFO] [Pszczoła -1] Wchodzi przez wejście/wyjście 1. (W ulu: 777810896)
[26-01-2025 19:06:19] [INFO] [Pszczoła -1] Wchodzi przez wejście/wyjście 0. (W ulu: 777811040)
[26-01-2025 19:06:19] [INFO] [Pszczoła -1] Wchodzi przez wejście/wyjście 1. (W ulu: 777810896)
[26-01-2025 19:06:20] [INFO] [Pszczoła -1] Wchodzi przez wejście/wyjście 0. (W ulu: 777811040)
[26-01-2025 19:06:21] [INFO] [Pszczoła -1] Wchodzi przez wejście/wyjście 0. (W ulu: 777811040)
[26-01-2025 19:06:22] [INFO] [Pszczoła -1] Wchodzi przez wejście/wyjście 0. (W ulu: 777811040)
[26-01-2025 19:06:22] [INFO] [Pszczoła -1] Wchodzi przez wejście/wyjście 0. (W ulu: 777811040)
[26-01-2025 19:06:23] [INFO] [Pszczoła -1] Wchodzi przez wejście/wyjście 0. (W ulu: 777811040)
[26-01-2025 19:06:23] [INFO] [Królowa] Składa 3 jaja.
[26-01-2025 19:06:23] [INFO] [Królowa] Teraz żywych pszczół: 0
[26-01-2025 19:06:24] [INFO] [Pszczoła -1] Wchodzi przez wejście/wyjście 0. (W ulu: 777811040)
[26-01-2025 19:06:25] [INFO] [Pszczoła -1] Wchodzi przez wejście/wyjście 0. (W ulu: 777811040)
[26-01-2025 19:06:26] [INFO] [Pszczoła -1] Wchodzi przez wejście/wyjście 0. (W ulu: 777811040)
[26-01-2025 19:06:27] [INFO] [Pszczoła -1] Wchodzi przez wejście/wyjście 0. (W ulu: 777811040)
[26-01-2025 19:06:28] [INFO] [Pszczoła -1] Wchodzi przez wejście/wyjście 0. (W ulu: 777811040)
[26-01-2025 19:06:29] [INFO] [Pszczoła -1] Wchodzi przez wejście/wyjście 0. (W ulu: 777811040)
[26-01-2025 19:06:29] [INFO] [Pszczoła -1] Wchodzi przez wejście/wyjście 0. (W ulu: 777811040)
[26-01-2025 19:06:30] [INFO] [Pszczoła -1] Wchodzi przez wejście/wyjście 0. (W ulu: 777811040)
[26-01-2025 19:06:31] [INFO] [Pszczoła -1] Wchodzi przez wejście/wyjście 0. (W ulu: 777811040)
[26-01-2025 19:06:32] [INFO] [Pszczoła -1] Wchodzi przez wejście/wyjście 0. (W ulu: 777811040)
[26-01-2025 19:06:32] [INFO] [Pszczoła -1] Wchodzi przez wejście/wyjście 0. (W ulu: 777811040)
[26-01-2025 19:06:34] [INFO] [Pszczoła -1] Wchodzi przez wejście/wyjście 0. (W ulu: 777811040)
[26-01-2025 19:06:34] [INFO] [Pszczoła -1] Wchodzi przez wejście/wyjście 0. (W ulu: 777811040)
[26-01-2025 19:06:35] [INFO] [Pszczoła -1] Wchodzi przez wejście/wyjście 0. (W ulu: 777811040)
[26-01-2025 19:06:36] [INFO] [Pszczoła -1] Wchodzi przez wejście/wyjście 0. (W ulu: 777811040)
[26-01-2025 19:06:36] [INFO] [Pszczoła -1] Wychodzi przez wejście 1. (W ulu: 777810896)
[26-01-2025 19:06:37] [INFO] [Pszczoła -1] Wchodzi przez wejście/wyjście 0. (W ulu: 777811040)
[26-01-2025 19:06:38] [INFO] [Pszczoła -1] Wychodzi przez wejście 1. (W ulu: 777810896)
[26-01-2025 19:06:38] [INFO] [Pszczoła -1] Wchodzi przez wejście/wyjście 0. (W ulu: 777811040)
[26-01-2025 19:06:39] [INFO] [Pszczoła -1] Wychodzi przez wejście 1. (W ulu: 777810896)
[26-01-2025 19:06:40] [INFO] [Pszczoła -1] Wchodzi przez wejście/wyjście 0. (W ulu: 777811040)
[26-01-2025 19:06:41] [INFO] [Pszczoła -1] Wychodzi przez wejście 0. (W ulu: 777811040)
[26-01-2025 19:06:42] [INFO] [Pszczoła -1] Wchodzi przez wejście/wyjście 0. (W ulu: 777811040)
[26-01-2025 19:06:43] [INFO] [Pszczoła -1] Wychodzi przez wejście 0. (W ulu: 777811040)
[26-01-2025 19:06:44] [INFO] [Pszczoła -1] Wchodzi przez wejście/wyjście 0. (W ulu: 777811040)
[26-01-2025 19:06:44] [INFO] [Pszczoła -1] Wychodzi przez wejście 0. (W ulu: 777811040)
[26-01-2025 19:06:45] [INFO] [Pszczoła -1] Wychodzi przez wejście 0. (W ulu: 777811040)
[26-01-2025 19:06:46] [INFO] [Pszczoła -1] Wchodzi przez wejście/wyjście 0. (W ulu: 777811040)
[26-01-2025 19:06:46] [INFO] [Pszczoła -1] Wchodzi przez wejście/wyjście 0. (W ulu: 777811040)
[26-01-2025 19:06:46] [WARNING] [Królowa] Za mało miejsca w ulu (wolne: 1022299347) lub brak miejsca w kolonii.
[26-01-2025 19:06:47] [INFO] [Pszczoła -1] Wychodzi przez wejście 1. (W ulu: 777810896)
[26-01-2025 19:06:48] [INFO] [Pszczoła -1] Wchodzi przez wejście/wyjście 0. (W ulu: 777811040)
[26-01-2025 19:06:49] [INFO] [Pszczoła -1] Wychodzi przez wejście 0. (W ulu: 777811040)
[26-01-2025 19:06:49] [INFO] [Pszczoła -1] Wchodzi przez wejście/wyjście 0. (W ulu: 777811040)
[26-01-2025 19:06:50] [INFO] [Pszczoła -1] Wychodzi przez wejście 0. (W ulu: 777811040)
[26-01-2025 19:06:50] [INFO] [Pszczoła -1] Wchodzi przez wejście/wyjście 0. (W ulu: 777811040)
[26-01-2025 19:06:51] [INFO] [Pszczoła -1] Wychodzi przez wejście 0. (W ulu: 777811040)
[26-01-2025 19:06:52] [INFO] [Pszczoła -1] Wchodzi przez wejście/wyjście 0. (W ulu: 777811040)
[26-01-2025 19:06:53] [INFO] [Pszczoła -1] Wychodzi przez wejście 0. (W ulu: 777811040)
[26-01-2025 19:06:54] [INFO] [Pszczoła -1] Wchodzi przez wejście/wyjście 0. (W ulu: 777811040)
[26-01-2025 19:06:55] [INFO] [Pszczoła -1] Wychodzi przez wejście 0. (W ulu: 777811040)
[26-01-2025 19:06:55] [INFO] [Pszczoła -1] Wchodzi przez wejście/wyjście 0. (W ulu: 777811040)
[26-01-2025 19:06:56] [INFO] [Pszczoła -1] Wychodzi przez wejście 0. (W ulu: 777811040)
[26-01-2025 19:06:57] [INFO] [Pszczoła -1] Wchodzi przez wejście/wyjście 0. (W ulu: 777811040)
[26-01-2025 19:06:58] [INFO] [Pszczoła -1] Wychodzi przez wejście 0. (W ulu: 777811040)
[26-01-2025 19:06:59] [INFO] [Pszczoła -1] Wchodzi przez wejście/wyjście 1. (W ulu: 777810896)
[26-01-2025 19:07:00] [INFO] [Pszczoła -1] Wychodzi przez wejście 0. (W ulu: 777811040)
[26-01-2025 19:07:00] [INFO] [Pszczoła -1] Wchodzi przez wejście/wyjście 0. (W ulu: 777811040)
[26-01-2025 19:07:01] [INFO] [Pszczoła -1] Wychodzi przez wejście 0. (W ulu: 777811040)
[26-01-2025 19:07:02] [INFO] [Pszczoła -1] Wchodzi przez wejście/wyjście 0. (W ulu: 777811040)
[26-01-2025 19:07:03] [INFO] [Pszczoła -1] Wychodzi przez wejście 0. (W ulu: 777811040)
[26-01-2025 19:07:03] [INFO] [Pszczoła -1] Wchodzi przez wejście/wyjście 0. (W ulu: 777811040)
[26-01-2025 19:07:04] [INFO] [Pszczoła -1] Wychodzi przez wejście 1. (W ulu: 777810896)
[26-01-2025 19:07:05] [INFO] [Pszczoła -1] Wychodzi przez wejście 1. (W ulu: 777810896)
[26-01-2025 19:07:06] [INFO] [Pszczoła -1] Wchodzi przez wejście/wyjście 1. (W ulu: 777810896)
[26-01-2025 19:07:06] [INFO] [Pszczoła -1] Wchodzi przez wejście/wyjście 1. (W ulu: 777810896)
[26-01-2025 19:07:07] [INFO] [Pszczoła -1] Wychodzi przez wejście 0. (W ulu: 777811040)
[26-01-2025 19:07:08] [INFO] [Pszczoła -1] Wychodzi przez wejście 0. (W ulu: 777811040)
[26-01-2025 19:07:08] [WARNING] [Królowa] Za mało miejsca w ulu (wolne: 1022299347) lub brak miejsca w kolonii.
[26-01-2025 19:07:08] [INFO] [Pszczoła -1] Wychodzi przez wejście 0. (W ulu: 777811040)
[26-01-2025 19:07:09] [INFO] [Pszczoła -1] Wchodzi przez wejście/wyjście 0. (W ulu: 777811040)
[26-01-2025 19:07:10] [INFO] [Pszczoła -1] Wychodzi przez wejście 0. (W ulu: 777811040)
[26-01-2025 19:07:11] [INFO] [Pszczoła -1] Wchodzi przez wejście/wyjście 0. (W ulu: 777811040)
[26-01-2025 19:07:12] [INFO] [Pszczoła -1] Wychodzi przez wejście 0. (W ulu: 777811040)
[26-01-2025 19:07:12] [INFO] [Pszczoła -1] Wchodzi przez wejście/wyjście 0. (W ulu: 777811040)
[26-01-2025 19:07:13] [INFO] [Pszczoła -1] Wchodzi przez wejście/wyjście 0. (W ulu: 777811040)
[26-01-2025 19:07:14] [INFO] [Pszczoła -1] Wchodzi przez wejście/wyjście 0. (W ulu: 777811040)
[26-01-2025 19:07:15] [INFO] [Pszczoła -1] Wychodzi przez wejście 0. (W ulu: 777811040)
[26-01-2025 19:07:16] [INFO] [Pszczoła -1] Wychodzi przez wejście 0. (W ulu: 777811040)
[26-01-2025 19:07:17] [INFO] [Pszczoła -1] Wychodzi przez wejście 0. (W ulu: 777811040)
[26-01-2025 19:07:18] [INFO] [Pszczoła -1] Wychodzi przez wejście 0. (W ulu: 777811040)
[26-01-2025 19:07:18] [INFO] [Pszczoła -1] Wychodzi przez wejście 0. (W ulu: 777811040)
[26-01-2025 19:07:19] [INFO] [Pszczoła -1] Wychodzi przez wejście 0. (W ulu: 777811040)
[26-01-2025 19:07:20] [INFO] [Pszczoła -1] Wychodzi przez wejście 0. (W ulu: 777811040)
[26-01-2025 19:07:21] [INFO] [Pszczoła -1] Wychodzi przez wejście 0. (W ulu: 777811040)
[26-01-2025 19:07:22] [INFO] [Pszczoła -1] Wychodzi przez wejście 0. (W ulu: 777811040)
[26-01-2025 19:07:22] [INFO] [Pszczoła -1] Wychodzi przez wejście 0. (W ulu: 777811040)
[26-01-2025 19:07:23] [INFO] [Pszczoła -1] Wychodzi przez wejście 0. (W ulu: 777811040)
[26-01-2025 19:07:24] [INFO] [Pszczoła -1] Wychodzi przez wejście 0. (W ulu: 777811040)
[26-01-2025 19:07:25] [INFO] [Pszczoła -1] Wychodzi przez wejście 0. (W ulu: 777811040)
[26-01-2025 19:07:25] [INFO] [Pszczoła -1] Wychodzi przez wejście 0. (W ulu: 777811040)
[26-01-2025 19:07:26] [INFO] [Pszczoła -1] Wchodzi przez wejście/wyjście 0. (W ulu: 777811040)
[26-01-2025 19:07:27] [INFO] [Pszczoła -1] Wchodzi przez wejście/wyjście 1. (W ulu: 777810896)
[26-01-2025 19:07:35] [INFO] [Pszczoła -1] Wchodzi przez wejście/wyjście 0. (W ulu: 777811040)
[26-01-2025 19:07:36] [INFO] [Pszczoła -1] Wchodzi przez wejście/wyjście 0. (W ulu: 777811040)
[26-01-2025 19:07:36] [INFO] [Pszczoła -1] Wychodzi przez wejście 1. (W ulu: 777810896)
[26-01-2025 19:07:36] [INFO] [Królowa] Składa 3 jaja.
[26-01-2025 19:07:36] [INFO] [Królowa] Teraz żywych pszczół: 0
[26-01-2025 19:07:37] [INFO] [Pszczoła -1] Wychodzi przez wejście 0. (W ulu: 777811040)
[26-01-2025 19:07:38] [INFO] [Pszczoła -1] Wchodzi przez wejście/wyjście 1. (W ulu: 777810896)
[26-01-2025 19:07:39] [INFO] [Pszczoła -1] Wchodzi przez wejście/wyjście 1. (W ulu: 777810896)
[26-01-2025 19:07:39] [INFO] [Pszczoła -1] Wchodzi przez wejście/wyjście 1. (W ulu: 777810896)
[26-01-2025 19:07:40] [INFO] [Pszczoła -1] Wychodzi przez wejście 1. (W ulu: 777810896)
[26-01-2025 19:07:40] [INFO] [Pszczoła -1] Wychodzi przez wejście 0. (W ulu: 777811040)
[26-01-2025 19:07:41] [INFO] [Pszczoła -1] Wychodzi przez wejście 0. (W ulu: 777811040)
[26-01-2025 19:07:42] [INFO] [Pszczoła -1] Wchodzi przez wejście/wyjście 1. (W ulu: 777810896)
[26-01-2025 19:07:43] [INFO] [Pszczoła -1] Wchodzi przez wejście/wyjście 1. (W ulu: 777810896)
[26-01-2025 19:07:44] [INFO] [Pszczoła -1] Wychodzi przez wejście 0. (W ulu: 777811040)
[26-01-2025 19:07:44] [INFO] [Pszczoła -1] Wchodzi przez wejście/wyjście 1. (W ulu: 777810896)
[26-01-2025 19:07:45] [INFO] [Pszczoła -1] Wchodzi przez wejście/wyjście 0. (W ulu: 777811040)
[26-01-2025 19:07:46] [INFO] [Pszczoła -1] Wychodzi przez wejście 1. (W ulu: 777810896)
[26-01-2025 19:07:46] [INFO] [Pszczoła -1] Wchodzi przez wejście/wyjście 0. (W ulu: 777811040)
[26-01-2025 19:07:47] [INFO] [Pszczoła -1] Wchodzi przez wejście/wyjście 1. (W ulu: 777810896)
[26-01-2025 19:07:48] [INFO] [Pszczoła -1] Wchodzi przez wejście/wyjście 0. (W ulu: 777811040)
[26-01-2025 19:07:49] [INFO] [Pszczoła -1] Wchodzi przez wejście/wyjście 0. (W ulu: 777811040)
[26-01-2025 19:07:49] [INFO] [Pszczoła -1] Wchodzi przez wejście/wyjście 0. (W ulu: 777811040)
[26-01-2025 19:07:50] [INFO] [Pszczoła -1] Wchodzi przez wejście/wyjście 0. (W ulu: 777811040)
[26-01-2025 19:07:51] [INFO] [Pszczoła -1] Wchodzi przez wejście/wyjście 0. (W ulu: 777811040)
[26-01-2025 19:07:52] [INFO] [Pszczoła -1] Wychodzi przez wejście 0. (W ulu: 777811040)
[26-01-2025 19:07:52] [INFO] [Pszczoła -1] Wchodzi przez wejście/wyjście 0. (W ulu: 777811040)
[26-01-2025 19:07:53] [INFO] [Pszczoła -1] Wychodzi przez wejście 1. (W ulu: 777810896)
[26-01-2025 19:07:54] [INFO] [Pszczoła -1] Wchodzi przez wejście/wyjście 0. (W ulu: 777811040)
[26-01-2025 19:07:54] [INFO] [Pszczoła -1] Wychodzi przez wejście 0. (W ulu: 777811040)
[26-01-2025 19:07:55] [INFO] [Pszczoła -1] Wchodzi przez wejście/wyjście 0. (W ulu: 777811040)
[26-01-2025 19:07:56] [INFO] [Pszczoła -1] Wychodzi przez wejście 0. (W ulu: 777811040)
[26-01-2025 19:07:57] [INFO] [Pszczoła -1] Wchodzi przez wejście/wyjście 0. (W ulu: 777811040)
[26-01-2025 19:07:57] [INFO] [Pszczoła -1] Wychodzi przez wejście 0. (W ulu: 777811040)
[26-01-2025 19:07:57] [WARNING] [Królowa] Za mało miejsca w ulu (wolne: 1022299347) lub brak miejsca w kolonii.
[26-01-2025 19:07:58] [INFO] [Pszczoła -1] Wychodzi przez wejście 0. (W ulu: 777811040)
[26-01-2025 19:07:59] [INFO] [Pszczoła -1] Wchodzi przez wejście/wyjście 0. (W ulu: 777811040)
[26-01-2025 19:08:00] [INFO] [Pszczoła -1] Wychodzi przez wejście 0. (W ulu: 777811040)
[26-01-2025 19:08:01] [INFO] [Pszczoła -1] Wychodzi przez wejście 0. (W ulu: 777811040)
[26-01-2025 19:08:01] [INFO] [Pszczoła -1] Wchodzi przez wejście/wyjście 0. (W ulu: 777811040)
[26-01-2025 19:08:02] [INFO] [Pszczoła -1] Wychodzi przez wejście 0. (W ulu: 777811040)
[26-01-2025 19:08:03] [INFO] [Pszczoła -1] Wychodzi przez wejście 0. (W ulu: 777811040)
[26-01-2025 19:08:04] [INFO] [Pszczoła -1] Wychodzi przez wejście 0. (W ulu: 777811040)
[26-01-2025 19:08:04] [INFO] [Pszczoła -1] Wchodzi przez wejście/wyjście 0. (W ulu: 777811040)
[26-01-2025 19:08:05] [INFO] [Pszczoła -1] Wychodzi przez wejście 0. (W ulu: 777811040)
[26-01-2025 19:08:06] [INFO] [Pszczoła -1] Wychodzi przez wejście 0. (W ulu: 777811040)
[26-01-2025 19:08:07] [INFO] [Pszczoła -1] Wchodzi przez wejście/wyjście 0. (W ulu: 777811040)
[26-01-2025 19:08:07] [INFO] [Pszczoła -1] Wchodzi przez wejście/wyjście 0. (W ulu: 777811040)
[26-01-2025 19:08:08] [INFO] [Pszczoła -1] Wychodzi przez wejście 0. (W ulu: 777811040)
[26-01-2025 19:08:09] [INFO] [Pszczoła -1] Wchodzi przez wejście/wyjście 0. (W ulu: 777811040)
[26-01-2025 19:08:10] [INFO] [Pszczoła -1] Wchodzi przez wejście/wyjście 0. (W ulu: 777811040)
[26-01-2025 19:08:11] [INFO] [Pszczoła -1] Wchodzi przez wejście/wyjście 0. (W ulu: 777811040)
[26-01-2025 19:08:11] [INFO] [Pszczoła -1] Wchodzi przez wejście/wyjście 0. (W ulu: 777811040)
[26-01-2025 19:08:12] [INFO] [Pszczoła -1] Wchodzi przez wejście/wyjście 0. (W ulu: 777811040)
[26-01-2025 19:11:45] [INFO] [Pszczoła -744761536] Wchodzi przez wejście/wyjście 562823977. (W ulu: -1353310864)
[26-01-2025 19:11:46] [INFO] [Pszczoła -1] Wchodzi przez wejście/wyjście 562823977. (W ulu: -1353310864)
[26-01-2025 19:11:46] [INFO] [Pszczoła -1] Wchodzi przez wejście/wyjście 562823977. (W ulu: -1353310864)
[26-01-2025 19:11:47] [INFO] [Pszczoła -1] Wchodzi przez wejście/wyjście 562823977. (W ulu: -1353310864)
[26-01-2025 19:11:48] [INFO] [Pszczoła -1] Wchodzi przez wejście/wyjście 562823977. (W ulu: -1353310864)
[26-01-2025 19:11:48] [INFO] [Pszczoła -1] Wchodzi przez wejście/wyjście 562823977. (W ulu: -1353310864)
[26-01-2025 19:11:49] [INFO] [Pszczoła -1] Wchodzi przez wejście/wyjście 562823977. (W ulu: -1353310864)
[26-01-2025 19:11:50] [INFO] [Pszczoła -1] Wchodzi przez wejście/wyjście 562823977. (W ulu: -1353310864)
[26-01-2025 19:11:51] [INFO] [Pszczoła -1] Wchodzi przez wejście/wyjście 562823977. (W ulu: -1353310864)
[26-01-2025 19:11:52] [INFO] [Pszczoła -1] Wchodzi przez wejście/wyjście 562823977. (W ulu: -1353310864)
[26-01-2025 19:11:53] [INFO] [Pszczoła -1] Wchodzi przez wejście/wyjście 562823977. (W ulu: -1353310864)
[26-01-2025 19:11:53] [INFO] [Pszczoła -1] Wchodzi przez wejście/wyjście 562823977. (W ulu: -1353310864)
[26-01-2025 19:11:54] [INFO] [Pszczoła -1] Wchodzi przez wejście/wyjście 562823977. (W ulu: -1353310864)
[26-01-2025 19:11:55] [INFO] [Pszczoła -1] Wchodzi przez wejście/wyjście 562823977. (W ulu: -1353310864)
[26-01-2025 19:11:56] [INFO] [Pszczoła -1] Wchodzi przez wejście/wyjście 562823977. (W ulu: -1353310864)
[26-01-2025 19:11:57] [INFO] [Pszczoła -1] Wchodzi przez wejście/wyjście 562823977. (W ulu: -1353310864)
[26-01-2025 19:11:58] [INFO] [Pszczoła -1] Wchodzi przez wejście/wyjście 562823977. (W ulu: -1353310864)
[26-01-2025 19:11:58] [INFO] [Pszczoła -1] Wchodzi przez wejście/wyjście 562823977. (W ulu: -1353310864)
[26-01-2025 19:11:59] [INFO] [Pszczoła -1] Wchodzi przez wejście/wyjście 562823977. (W ulu: -1353310864)
[26-01-2025 19:12:00] [INFO] [Pszczoła -1] Wchodzi przez wejście/wyjście 562823977. (W ulu: -1353310864)
[26-01-2025 19:12:00] [INFO] [Pszczoła -1] Wchodzi przez wejście/wyjście 562823977. (W ulu: -1353310864)
[26-01-2025 19:12:01] [INFO] [Pszczoła -1] Wchodzi przez wejście/wyjście 562823977. (W ulu: -1353310864)
[26-01-2025 19:12:02] [INFO] [Pszczoła -1] Wchodzi przez wejście/wyjście 562823977. (W ulu: -1353310864)
[26-01-2025 19:12:02] [INFO] [Pszczoła -1] Wchodzi przez wejście/wyjście 562823977. (W ulu: -1353310864)
[26-01-2025 19:12:03] [INFO] [Pszczoła -1] Wchodzi przez wejście/wyjście 562823977. (W ulu: -1353310864)
[26-01-2025 19:12:04] [INFO] [Pszczoła -1] Wchodzi przez wejście/wyjście 562823977. (W ulu: -1353310864)
[26-01-2025 19:12:05] [INFO] [Pszczoła -1] Wchodzi przez wejście/wyjście 562823977. (W ulu: -1353310864)
[26-01-2025 19:12:05] [INFO] [Pszczoła -1] Wchodzi przez wejście/wyjście 562823977. (W ulu: -1353310864)
[26-01-2025 19:12:06] [INFO] [Pszczoła -1] Wchodzi przez wejście/wyjście 562823977. (W ulu: -1353310864)
[26-01-2025 19:12:07] [INFO] [Pszczoła -1] Wchodzi przez wejście/wyjście 562823977. (W ulu: -1353310864)
[26-01-2025 19:12:07] [INFO] [Królowa] Składa 3 jaja.
[26-01-2025 19:12:07] [INFO] [Królowa] Teraz żywych pszczół: 0
[26-01-2025 19:12:07] [INFO] [Pszczoła -1] Wchodzi przez wejście/wyjście 562823977. (W ulu: -1353310864)
[26-01-2025 19:12:08] [INFO] [Pszczoła -1] Wchodzi przez wejście/wyjście 562823977. (W ulu: -1353310864)
[26-01-2025 19:12:09] [INFO] [Pszczoła -1] Wchodzi przez wejście/wyjście 562823977. (W ulu: -1353310864)
[26-01-2025 19:12:10] [INFO] [Pszczoła -1] Wchodzi przez wejście/wyjście 562823977. (W ulu: -1353310864)
[26-01-2025 19:12:11] [INFO] [Pszczoła -1] Wchodzi przez wejście/wyjście 562823977. (W ulu: -1353310864)
[26-01-2025 19:12:11] [INFO] [Pszczoła -1] Wchodzi przez wejście/wyjście 562823977. (W ulu: -1353310864)
[26-01-2025 19:12:12] [INFO] [Pszczoła -1] Wchodzi przez wejście/wyjście 562823977. (W ulu: -1353310864)
[26-01-2025 19:12:13] [INFO] [Pszczoła -1] Wchodzi przez wejście/wyjście 562823977. (W ulu: -1353310864)
[26-01-2025 19:12:14] [INFO] [Pszczoła -1] Wchodzi przez wejście/wyjście 562823977. (W ulu: -1353310864)
[26-01-2025 19:12:15] [INFO] [Pszczoła -1] Wchodzi przez wejście/wyjście 562823977. (W ulu: -1353310864)
[26-01-2025 19:12:16] [INFO] [Pszczoła -1] Wchodzi przez wejście/wyjście 562823977. (W ulu: -1353310864)
[26-01-2025 19:12:16] [INFO] [Pszczoła -1] Wchodzi przez wejście/wyjście 562823977. (W ulu: -1353310864)
[26-01-2025 19:12:17] [INFO] [Pszczoła -1] Wchodzi przez wejście/wyjście 562823977. (W ulu: -1353310864)
[26-01-2025 19:12:18] [INFO] [Pszczoła -1] Wchodzi przez wejście/wyjście 562823977. (W ulu: -1353310864)
[26-01-2025 19:12:18] [INFO] [Pszczoła -1] Wchodzi przez wejście/wyjście 562823977. (W ulu: -1353310864)
[26-01-2025 19:12:19] [INFO] [Pszczoła -1] Wchodzi przez wejście/wyjście 562823977. (W ulu: -1353310864)
[26-01-2025 19:12:20] [INFO] [Pszczoła -1] Wychodzi przez wejście 562823977. (W ulu: -1353310864)
[26-01-2025 19:12:21] [INFO] [Pszczoła -1] Wchodzi przez wejście/wyjście 562823977. (W ulu: -1353310864)
[26-01-2025 19:12:21] [INFO] [Pszczoła -1] Wychodzi przez wejście 562823977. (W ulu: -1353310864)
[26-01-2025 19:12:22] [INFO] [Pszczoła -1] Wchodzi przez wejście/wyjście 562823977. (W ulu: -1353310864)
[26-01-2025 19:12:23] [INFO] [Pszczoła -1] Wychodzi przez wejście 562823977. (W ulu: -1353310864)
[26-01-2025 19:12:24] [INFO] [Pszczoła -1] Wchodzi przez wejście/wyjście 562823977. (W ulu: -1353310864)
[26-01-2025 19:12:25] [INFO] [Pszczoła -1] Wychodzi przez wejście 562823977. (W ulu: -1353310864)
[26-01-2025 19:12:25] [INFO] [Pszczoła -1] Wychodzi przez wejście 562823977. (W ulu: -1353310864)
[26-01-2025 19:12:26] [INFO] [Pszczoła -1] Wychodzi przez wejście 562823977. (W ulu: -1353310864)
[26-01-2025 19:12:27] [INFO] [Pszczoła -1] Wychodzi przez wejście 562823977. (W ulu: -1353310864)
[26-01-2025 19:12:28] [INFO] [Pszczoła -1] Wchodzi przez wejście/wyjście 562823977. (W ulu: -1353310864)
[26-01-2025 19:12:28] [INFO] [Pszczoła -1] Wychodzi przez wejście 562823977. (W ulu: -1353310864)
[26-01-2025 19:12:29] [INFO] [Pszczoła -1] Wychodzi przez wejście 562823977. (W ulu: -1353310864)
[26-01-2025 19:12:30] [INFO] [Pszczoła -1] Wychodzi przez wejście 562823977. (W ulu: -1353310864)
[26-01-2025 19:12:31] [INFO] [Pszczoła -1] Wychodzi przez wejście 562823977. (W ulu: -1353310864)
[26-01-2025 19:12:32] [INFO] [Pszczoła -1] Wychodzi przez wejście 562823977. (W ulu: -1353310864)
[26-01-2025 19:12:32] [INFO] [Pszczoła -1] Wychodzi przez wejście 562823977. (W ulu: -1353310864)
[26-01-2025 19:12:33] [INFO] [Pszczoła -1] Wchodzi przez wejście/wyjście 0. (W ulu: -1353311008)
[26-01-2025 19:12:34] [INFO] [Pszczoła -1] Wchodzi przez wejście/wyjście 0. (W ulu: -1353311008)
[26-01-2025 19:12:34] [INFO] [Pszczoła -1] Wychodzi przez wejście 562823977. (W ulu: -1353310864)
[26-01-2025 19:12:35] [INFO] [Pszczoła -1] Wychodzi przez wejście 562823977. (W ulu: -1353310864)
[26-01-2025 19:12:36] [INFO] [Pszczoła -1] Wychodzi przez wejście 562823977. (W ulu: -1353310864)
[26-01-2025 19:12:37] [INFO] [Pszczoła -1] Wychodzi przez wejście 562823977. (W ulu: -1353310864)
[26-01-2025 19:12:37] [INFO] [Królowa] Składa 3 jaja.
[26-01-2025 19:12:37] [INFO] [Królowa] Teraz żywych pszczół: 0
[26-01-2025 19:12:37] [INFO] [Pszczoła -1] Wychodzi przez wejście 562823977. (W ulu: -1353310864)
[26-01-2025 19:12:38] [INFO] [Pszczoła -1] Wychodzi przez wejście 562823977. (W ulu: -1353310864)
[26-01-2025 19:12:39] [INFO] [Pszczoła -1] Wychodzi przez wejście 562823977. (W ulu: -1353310864)
[26-01-2025 19:12:40] [INFO] [Pszczoła -1] Wychodzi przez wejście 562823977. (W ulu: -1353310864)
[26-01-2025 19:12:40] [INFO] [Pszczoła -1] Wychodzi przez wejście 562823977. (W ulu: -1353310864)
[26-01-2025 19:12:41] [INFO] [Pszczoła -1] Wychodzi przez wejście 562823977. (W ulu: -1353310864)
[26-01-2025 19:12:42] [INFO] [Pszczoła -1] Wychodzi przez wejście 562823977. (W ulu: -1353310864)
[26-01-2025 19:12:43] [INFO] [Pszczoła -1] Wchodzi przez wejście/wyjście 0. (W ulu: -1353311008)
[26-01-2025 19:12:44] [INFO] [Pszczoła -1] Wychodzi przez wejście 562823977. (W ulu: -1353310864)
[26-01-2025 19:12:44] [INFO] [Pszczoła -1] Wychodzi przez wejście 562823977. (W ulu: -1353310864)
[26-01-2025 19:12:45] [INFO] [Pszczoła -1] Wychodzi przez wejście 562823977. (W ulu: -1353310864)
[26-01-2025 19:16:47] [INFO] [Pszczoła 1676212032] Wchodzi przez wejście/wyjście 562823977. (W ulu: -42212064)
[26-01-2025 19:16:48] [INFO] [Pszczoła -1] Wchodzi przez wejście/wyjście 562823977. (W ulu: -42212064)
[26-01-2025 19:16:49] [INFO] [Pszczoła -1] Wchodzi przez wejście/wyjście 562823977. (W ulu: -42212064)
[26-01-2025 19:16:50] [INFO] [Pszczoła -1] Wchodzi przez wejście/wyjście 562823977. (W ulu: -42212064)
[26-01-2025 19:16:50] [INFO] [Pszczoła -1] Wchodzi przez wejście/wyjście 562823977. (W ulu: -42212064)
[26-01-2025 19:16:51] [INFO] [Pszczoła -1] Wchodzi przez wejście/wyjście 562823977. (W ulu: -42212064)
[26-01-2025 19:16:52] [INFO] [Pszczoła -1] Wchodzi przez wejście/wyjście 562823977. (W ulu: -42212064)
[26-01-2025 19:16:53] [INFO] [Pszczoła -1] Wychodzi przez wejście 562823977. (W ulu: -42212064)
[26-01-2025 19:16:53] [INFO] [Pszczoła -1] Wchodzi przez wejście/wyjście 562823977. (W ulu: -42212064)
[26-01-2025 19:16:54] [INFO] [Pszczoła -1] Wchodzi przez wejście/wyjście 562823977. (W ulu: -42212064)
[26-01-2025 19:16:55] [INFO] [Pszczoła -1] Wychodzi przez wejście 562823977. (W ulu: -42212064)
[26-01-2025 19:16:56] [INFO] [Pszczoła -1] Wychodzi przez wejście 562823977. (W ulu: -42212064)
[26-01-2025 19:16:57] [INFO] [Pszczoła -1] Wychodzi przez wejście 562823977. (W ulu: -42212064)
[26-01-2025 19:16:58] [INFO] [Pszczoła -1] Wychodzi przez wejście 562823977. (W ulu: -42212064)
[26-01-2025 19:16:58] [INFO] [Pszczoła -1] Wychodzi przez wejście 562823977. (W ulu: -42212064)
[26-01-2025 19:16:59] [INFO] [Pszczoła -1] Wychodzi przez wejście 562823977. (W ulu: -42212064)
[26-01-2025 19:17:00] [INFO] [Pszczoła -1] Wychodzi przez wejście 562823977. (W ulu: -42212064)
[26-01-2025 19:17:00] [INFO] [Pszczoła -1] Wchodzi przez wejście/wyjście 562823977. (W ulu: -42212064)
[26-01-2025 19:17:01] [INFO] [Pszczoła -1] Wchodzi przez wejście/wyjście 562823977. (W ulu: -42212064)
[26-01-2025 19:17:02] [INFO] [Pszczoła -1] Wychodzi przez wejście 562823977. (W ulu: -42212064)
[26-01-2025 19:17:03] [INFO] [Pszczoła -1] Wchodzi przez wejście/wyjście 562823977. (W ulu: -42212064)
[26-01-2025 19:17:04] [INFO] [Pszczoła -1] Wchodzi przez wejście/wyjście 562823977. (W ulu: -42212064)
[26-01-2025 19:17:05] [INFO] [Pszczoła 1676212032] Wchodzi przez wejście/wyjście 562823977. (W ulu: -42212064)
[26-01-2025 19:17:06] [INFO] [Pszczoła -1] Wchodzi przez wejście/wyjście 562823977. (W ulu: -42212064)
[26-01-2025 19:17:06] [INFO] [Pszczoła -1] Wychodzi przez wejście 562823977. (W ulu: -42212064)
[26-01-2025 19:17:06] [INFO] [Królowa] Składa 3 jaja.
[26-01-2025 19:17:06] [INFO] [Królowa] Teraz żywych pszczół: 0
[26-01-2025 19:17:07] [INFO] [Pszczoła -1] Wchodzi przez wejście/wyjście 562823977. (W ulu: -42212064)
[26-01-2025 19:17:08] [INFO] [Pszczoła -1] Wchodzi przez wejście/wyjście 0. (W ulu: -42212208)
[26-01-2025 19:17:09] [INFO] [Pszczoła -1] Wychodzi przez wejście 562823977. (W ulu: -42212064)
[26-01-2025 19:17:10] [INFO] [Pszczoła -1] Wychodzi przez wejście 562823977. (W ulu: -42212064)
[26-01-2025 19:17:10] [INFO] [Pszczoła -1] Wchodzi przez wejście/wyjście 562823977. (W ulu: -42212064)
[26-01-2025 19:17:11] [INFO] [Pszczoła -1] Wychodzi przez wejście 562823977. (W ulu: -42212064)
[26-01-2025 19:17:12] [INFO] [Pszczoła -1] Wychodzi przez wejście 562823977. (W ulu: -42212064)
[26-01-2025 19:17:13] [INFO] [Pszczoła -1] Wychodzi przez wejście 562823977. (W ulu: -42212064)
[26-01-2025 19:17:14] [INFO] [Pszczoła -1] Wchodzi przez wejście/wyjście 562823977. (W ulu: -42212064)
[26-01-2025 19:17:15] [INFO] [Pszczoła -1] Wychodzi przez wejście 0. (W ulu: -42212208)
[26-01-2025 19:17:16] [INFO] [Pszczoła -1] Wchodzi przez wejście/wyjście 562823977. (W ulu: -42212064)
[26-01-2025 19:17:16] [INFO] [Pszczoła -1] Wychodzi przez wejście 562823977. (W ulu: -42212064)
[26-01-2025 19:17:17] [INFO] [Pszczoła -1] Wchodzi przez wejście/wyjście 562823977. (W ulu: -42212064)
[26-01-2025 19:17:18] [INFO] [Pszczoła -1] Wchodzi przez wejście/wyjście 562823977. (W ulu: -42212064)
[26-01-2025 19:17:19] [INFO] [Pszczoła -1] Wychodzi przez wejście 562823977. (W ulu: -42212064)
[26-01-2025 19:17:20] [INFO] [Pszczoła -1] Wychodzi przez wejście 562823977. (W ulu: -42212064)
[26-01-2025 19:17:20] [INFO] [Pszczoła -1] Wchodzi przez wejście/wyjście 562823977. (W ulu: -42212064)
[26-01-2025 19:17:21] [INFO] [Pszczoła -1] Wychodzi przez wejście 562823977. (W ulu: -42212064)
[26-01-2025 19:17:22] [INFO] [Pszczoła -1] Wchodzi przez wejście/wyjście 562823977. (W ulu: -42212064)
[26-01-2025 19:17:23] [INFO] [Pszczoła -1] Wchodzi przez wejście/wyjście 562823977. (W ulu: -42212064)
[26-01-2025 19:17:23] [INFO] [Pszczoła -1] Wchodzi przez wejście/wyjście 562823977. (W ulu: -42212064)
[26-01-2025 19:17:24] [INFO] [Pszczoła -1] Wchodzi przez wejście/wyjście 562823977. (W ulu: -42212064)
[26-01-2025 19:17:25] [INFO] [Pszczoła -1] Wychodzi przez wejście 562823977. (W ulu: -42212064)
[26-01-2025 19:17:26] [INFO] [Pszczoła -1] Wychodzi przez wejście 562823977. (W ulu: -42212064)
[26-01-2025 19:17:26] [INFO] [Pszczoła -1] Wchodzi przez wejście/wyjście 562823977. (W ulu: -42212064)
[26-01-2025 19:17:27] [INFO] [Pszczoła -1] Wchodzi przez wejście/wyjście 562823977. (W ulu: -42212064)
[26-01-2025 19:17:27] [INFO] [Królowa] Składa 3 jaja.
[26-01-2025 19:17:27] [INFO] [Królowa] Teraz żywych pszczół: 0
[26-01-2025 19:17:28] [INFO] [Pszczoła -1] Wychodzi przez wejście 562823977. (W ulu: -42212064)
[26-01-2025 19:17:28] [INFO] [Pszczoła -1] Wychodzi przez wejście 562823977. (W ulu: -42212064)
[26-01-2025 19:17:29] [INFO] [Pszczoła -1] Wychodzi przez wejście 562823977. (W ulu: -42212064)
[26-01-2025 19:17:30] [INFO] [Pszczoła -1] Wychodzi przez wejście 562823977. (W ulu: -42212064)
[26-01-2025 19:17:31] [INFO] [Pszczoła -1] Wchodzi przez wejście/wyjście 562823977. (W ulu: -42212064)
[26-01-2025 19:17:31] [INFO] [Pszczoła -1] Wychodzi przez wejście 562823977. (W ulu: -42212064)
[26-01-2025 19:17:32] [INFO] [Pszczoła -1] Wchodzi przez wejście/wyjście 562823977. (W ulu: -42212064)
[26-01-2025 19:17:33] [INFO] [Pszczoła -1] Wchodzi przez wejście/wyjście 562823977. (W ulu: -42212064)
[26-01-2025 19:17:33] [INFO] [Pszczoła -1] Wchodzi przez wejście/wyjście 562823977. (W ulu: -42212064)
[26-01-2025 19:17:34] [INFO] [Pszczoła -1] Wchodzi przez wejście/wyjście 0. (W ulu: -42212208)
[26-01-2025 19:17:35] [INFO] [Pszczoła -1] Wychodzi przez wejście 562823977. (W ulu: -42212064)
[26-01-2025 19:18:21] [INFO] [Pszczoła -1651595456] Wchodzi przez wejście/wyjście 562823977. (W ulu: -1043381632)
[26-01-2025 19:18:21] [INFO] [Pszczoła -1] Wchodzi przez wejście/wyjście 562823977. (W ulu: -1043381632)
[26-01-2025 19:18:22] [INFO] [Pszczoła -1] Wchodzi przez wejście/wyjście 562823977. (W ulu: -1043381632)
[26-01-2025 19:18:23] [INFO] [Pszczoła -1] Wchodzi przez wejście/wyjście 562823977. (W ulu: -1043381632)
[26-01-2025 19:18:24] [INFO] [Pszczoła -1651595456] Wchodzi przez wejście/wyjście 562823977. (W ulu: -1043381632)
[26-01-2025 19:18:25] [INFO] [Pszczoła -1] Wchodzi przez wejście/wyjście 562823977. (W ulu: -1043381632)
[26-01-2025 19:18:25] [INFO] [Pszczoła -1] Wchodzi przez wejście/wyjście 562823977. (W ulu: -1043381632)
[26-01-2025 19:18:26] [INFO] [Pszczoła -1] Wchodzi przez wejście/wyjście 562823977. (W ulu: -1043381632)
[26-01-2025 19:18:27] [INFO] [Pszczoła -1] Wchodzi przez wejście/wyjście 562823977. (W ulu: -1043381632)
[26-01-2025 19:18:28] [INFO] [Pszczoła -1] Wchodzi przez wejście/wyjście 562823977. (W ulu: -1043381632)
[26-01-2025 19:18:29] [INFO] [Pszczoła -1] Wchodzi przez wejście/wyjście 562823977. (W ulu: -1043381632)
[26-01-2025 19:18:30] [INFO] [Pszczoła -1651595456] Wchodzi przez wejście/wyjście 562823977. (W ulu: -1043381632)
[26-01-2025 19:18:30] [INFO] [Pszczoła -1] Wchodzi przez wejście/wyjście 562823977. (W ulu: -1043381632)
[26-01-2025 19:18:31] [INFO] [Pszczoła -1] Wchodzi przez wejście/wyjście 562823977. (W ulu: -1043381632)
[26-01-2025 19:18:32] [INFO] [Pszczoła -1] Wchodzi przez wejście/wyjście 562823977. (W ulu: -1043381632)
[26-01-2025 19:18:33] [INFO] [Pszczoła -1651595456] Wchodzi przez wejście/wyjście 562823977. (W ulu: -1043381632)
[26-01-2025 19:18:34] [INFO] [Pszczoła -1] Wchodzi przez wejście/wyjście 562823977. (W ulu: -1043381632)
[26-01-2025 19:18:34] [INFO] [Pszczoła -1] Wychodzi przez wejście 562823977. (W ulu: -1043381632)
[26-01-2025 19:18:35] [INFO] [Pszczoła -1] Wchodzi przez wejście/wyjście 562823977. (W ulu: -1043381632)
[26-01-2025 19:18:36] [INFO] [Pszczoła -1] Wychodzi przez wejście 562823977. (W ulu: -1043381632)
[26-01-2025 19:18:36] [INFO] [Pszczoła -1] Wychodzi przez wejście 562823977. (W ulu: -1043381632)
[26-01-2025 19:18:37] [INFO] [Pszczoła -1] Wychodzi przez wejście 562823977. (W ulu: -1043381632)
[26-01-2025 19:18:38] [INFO] [Pszczoła -1] Wchodzi przez wejście/wyjście 562823977. (W ulu: -1043381632)
[26-01-2025 19:18:39] [INFO] [Pszczoła -1] Wychodzi przez wejście 562823977. (W ulu: -1043381632)
[26-01-2025 19:18:40] [INFO] [Pszczoła -1] Wychodzi przez wejście 562823977. (W ulu: -1043381632)
[26-01-2025 19:18:41] [INFO] [Pszczoła -1] Wychodzi przez wejście 562823977. (W ulu: -1043381632)
[26-01-2025 19:18:41] [INFO] [Pszczoła -1] Wychodzi przez wejście 562823977. (W ulu: -1043381632)
[26-01-2025 19:18:42] [INFO] [Pszczoła -1] Wchodzi przez wejście/wyjście 562823977. (W ulu: -1043381632)
[26-01-2025 19:18:42] [INFO] [Królowa] Składa 3 jaja.
[26-01-2025 19:18:42] [INFO] [Królowa] Teraz żywych pszczół: 0
[26-01-2025 19:18:43] [INFO] [Pszczoła -1] Wychodzi przez wejście 562823977. (W ulu: -1043381632)
[26-01-2025 19:18:43] [INFO] [Pszczoła -1] Wychodzi przez wejście 562823977. (W ulu: -1043381632)
[26-01-2025 19:18:44] [INFO] [Pszczoła -1] Wychodzi przez wejście 562823977. (W ulu: -1043381632)
[26-01-2025 19:18:45] [INFO] [Pszczoła -1] Wychodzi przez wejście 562823977. (W ulu: -1043381632)
[26-01-2025 19:18:46] [INFO] [Pszczoła -1] Wychodzi przez wejście 562823977. (W ulu: -1043381632)
[26-01-2025 19:18:47] [INFO] [Pszczoła -1] Wychodzi przez wejście 562823977. (W ulu: -1043381632)
[26-01-2025 19:18:47] [INFO] [Pszczoła -1] Wychodzi przez wejście 562823977. (W ulu: -1043381632)
[26-01-2025 19:18:48] [INFO] [Pszczoła -1] Wychodzi przez wejście 562823977. (W ulu: -1043381632)
[26-01-2025 19:18:49] [INFO] [Pszczoła -1] Wychodzi przez wejście 562823977. (W ulu: -1043381632)
[26-01-2025 19:18:50] [INFO] [Pszczoła -1] Wychodzi przez wejście 562823977. (W ulu: -1043381632)
[26-01-2025 19:18:50] [INFO] [Pszczoła -1] Wychodzi przez wejście 562823977. (W ulu: -1043381632)
[26-01-2025 19:18:51] [INFO] [Pszczoła -1] Wchodzi przez wejście/wyjście 0. (W ulu: -1043381776)
[26-01-2025 19:18:52] [INFO] [Pszczoła -1] Wchodzi przez wejście/wyjście 562823977. (W ulu: -1043381632)
[26-01-2025 19:18:53] [INFO] [Pszczoła -1] Wchodzi przez wejście/wyjście 0. (W ulu: -1043381776)
[26-01-2025 19:18:53] [INFO] [Pszczoła -1] Wchodzi przez wejście/wyjście 562823977. (W ulu: -1043381632)
[26-01-2025 19:18:54] [INFO] [Pszczoła -1] Wchodzi przez wejście/wyjście 562823977. (W ulu: -1043381632)
[26-01-2025 19:18:55] [INFO] [Pszczoła -1] Wchodzi przez wejście/wyjście 562823977. (W ulu: -1043381632)
[26-01-2025 19:18:56] [INFO] [Pszczoła -1] Wchodzi przez wejście/wyjście 0. (W ulu: -1043381776)
[26-01-2025 19:18:57] [INFO] [Pszczoła -1] Wchodzi przez wejście/wyjście 562823977. (W ulu: -1043381632)
[26-01-2025 19:18:57] [INFO] [Pszczoła -1] Wychodzi przez wejście 562823977. (W ulu: -1043381632)
[26-01-2025 19:18:58] [INFO] [Pszczoła -1] Wchodzi przez wejście/wyjście 562823977. (W ulu: -1043381632)
[26-01-2025 19:18:59] [INFO] [Pszczoła -1] Wchodzi przez wejście/wyjście 562823977. (W ulu: -1043381632)
[26-01-2025 19:18:59] [INFO] [Pszczoła -1] Wchodzi przez wejście/wyjście 562823977. (W ulu: -1043381632)
[26-01-2025 19:19:00] [INFO] [Pszczoła -1] Wchodzi przez wejście/wyjście 562823977. (W ulu: -1043381632)
[26-01-2025 19:19:01] [INFO] [Pszczoła -1] Wchodzi przez wejście/wyjście 562823977. (W ulu: -1043381632)
[26-01-2025 19:19:01] [INFO] [Pszczoła -1] Wchodzi przez wejście/wyjście 562823977. (W ulu: -1043381632)
[26-01-2025 19:19:02] [INFO] [Pszczoła -1] Wchodzi przez wejście/wyjście 562823977. (W ulu: -1043381632)
[26-01-2025 19:19:03] [INFO] [Pszczoła -1] Wchodzi przez wejście/wyjście 562823977. (W ulu: -1043381632)
[26-01-2025 19:19:03] [INFO] [Królowa] Składa 3 jaja.
[26-01-2025 19:19:03] [INFO] [Królowa] Teraz żywych pszczół: 0
[26-01-2025 19:19:04] [INFO] [Pszczoła -1] Wchodzi przez wejście/wyjście 562823977. (W ulu: -1043381632)
[26-01-2025 19:19:05] [INFO] [Pszczoła -1] Wchodzi przez wejście/wyjście 0. (W ulu: -1043381776)
[26-01-2025 19:19:05] [INFO] [Pszczoła -1] Wychodzi przez wejście 0. (W ulu: -1043381776)
[26-01-2025 19:19:06] [INFO] [Pszczoła -1] Wchodzi przez wejście/wyjście 0. (W ulu: -1043381776)
[26-01-2025 19:19:07] [INFO] [Pszczoła -1] Wchodzi przez wejście/wyjście 562823977. (W ulu: -1043381632)
[26-01-2025 19:19:08] [INFO] [Pszczoła -1] Wychodzi przez wejście 562823977. (W ulu: -1043381632)
[26-01-2025 19:19:09] [INFO] [Pszczoła -1] Wychodzi przez wejście 562823977. (W ulu: -1043381632)
[26-01-2025 19:19:10] [INFO] [Pszczoła -1] Wychodzi przez wejście 562823977. (W ulu: -1043381632)
[26-01-2025 19:19:10] [INFO] [Pszczoła -1] Wychodzi przez wejście 0. (W ulu: -1043381776)
[26-01-2025 19:19:11] [INFO] [Pszczoła -1] Wychodzi przez wejście 562823977. (W ulu: -1043381632)
[26-01-2025 19:19:12] [INFO] [Pszczoła -1] Wchodzi przez wejście/wyjście 562823977. (W ulu: -1043381632)
[26-01-2025 19:19:13] [INFO] [Pszczoła -1] Wychodzi przez wejście 562823977. (W ulu: -1043381632)
[26-01-2025 19:19:13] [INFO] [Pszczoła -1] Wychodzi przez wejście 0. (W ulu: -1043381776)
[26-01-2025 19:19:14] [INFO] [Pszczoła -1] Wychodzi przez wejście 562823977. (W ulu: -1043381632)
[26-01-2025 19:19:15] [INFO] [Pszczoła -1] Wychodzi przez wejście 562823977. (W ulu: -1043381632)
[26-01-2025 19:19:15] [INFO] [Pszczoła -1] Wychodzi przez wejście 562823977. (W ulu: -1043381632)
[26-01-2025 19:19:16] [INFO] [Pszczoła -1] Wychodzi przez wejście 562823977. (W ulu: -1043381632)
[26-01-2025 19:19:17] [INFO] [Pszczoła -1] Wchodzi przez wejście/wyjście 562823977. (W ulu: -1043381632)
[26-01-2025 19:19:18] [INFO] [Pszczoła -1] Wychodzi przez wejście 562823977. (W ulu: -1043381632)
[26-01-2025 19:19:18] [INFO] [Pszczoła -1] Wychodzi przez wejście 562823977. (W ulu: -1043381632)
[26-01-2025 19:19:19] [INFO] [Pszczoła -1] Wychodzi przez wejście 562823977. (W ulu: -1043381632)
[26-01-2025 19:19:20] [INFO] [Pszczoła -1] Wchodzi przez wejście/wyjście 562823977. (W ulu: -1043381632)
[26-01-2025 19:19:21] [INFO] [Pszczoła -1] Wychodzi przez wejście 562823977. (W ulu: -1043381632)
[26-01-2025 19:19:22] [INFO] [Pszczoła -1] Wychodzi przez wejście 562823977. (W ulu: -1043381632)
[26-01-2025 19:19:23] [INFO] [Pszczoła -1] Wchodzi przez wejście/wyjście 562823977. (W ulu: -1043381632)
[26-01-2025 19:19:24] [INFO] [Pszczoła -1] Wychodzi przez wejście 0. (W ulu: -1043381776)
[26-01-2025 19:19:25] [INFO] [Pszczoła -1] Wychodzi przez wejście 0. (W ulu: -1043381776)
[26-01-2025 19:19:25] [INFO] [Królowa] Składa 3 jaja.
[26-01-2025 19:19:25] [INFO] [Królowa] Teraz żywych pszczół: 0
[26-01-2025 19:19:26] [INFO] [Pszczoła -1] Wychodzi przez wejście 562823977. (W ulu: -1043381632)
[26-01-2025 19:19:26] [INFO] [Pszczoła -1] Wychodzi przez wejście 562823977. (W ulu: -1043381632)
[26-01-2025 19:19:27] [INFO] [Pszczoła -1] Wchodzi przez wejście/wyjście 562823977. (W ulu: -1043381632)
[26-01-2025 19:19:28] [INFO] [Pszczoła -1] Wchodzi przez wejście/wyjście 562823977. (W ulu: -1043381632)
[26-01-2025 19:19:28] [INFO] [Pszczoła -1] Wchodzi przez wejście/wyjście 562823977. (W ulu: -1043381632)
[26-01-2025 19:19:29] [INFO] [Pszczoła -1] Wchodzi przez wejście/wyjście 0. (W ulu: -1043381776)
[26-01-2025 19:19:30] [INFO] [Pszczoła -1] Wchodzi przez wejście/wyjście 562823977. (W ulu: -1043381632)
[26-01-2025 19:19:30] [INFO] [Pszczoła -1] Wchodzi przez wejście/wyjście 562823977. (W ulu: -1043381632)
[26-01-2025 19:19:31] [INFO] [Pszczoła -1] Wychodzi przez wejście 562823977. (W ulu: -1043381632)
[26-01-2025 19:19:32] [INFO] [Pszczoła -1] Wchodzi przez wejście/wyjście 562823977. (W ulu: -1043381632)
[26-01-2025 19:19:33] [INFO] [Pszczoła -1] Wchodzi przez wejście/wyjście 562823977. (W ulu: -1043381632)
[26-01-2025 19:19:33] [INFO] [Pszczoła -1] Wchodzi przez wejście/wyjście 562823977. (W ulu: -1043381632)
[26-01-2025 19:19:34] [INFO] [Pszczoła -1] Wychodzi przez wejście 562823977. (W ulu: -1043381632)
[26-01-2025 19:19:35] [INFO] [Pszczoła -1] Wchodzi przez wejście/wyjście 0. (W ulu: -1043381776)
[26-01-2025 19:19:36] [INFO] [Pszczoła -1] Wychodzi przez wejście 562823977. (W ulu: -1043381632)
[26-01-2025 19:19:37] [INFO] [Pszczoła -1] Wchodzi przez wejście/wyjście 562823977. (W ulu: -1043381632)
[26-01-2025 19:19:38] [INFO] [Pszczoła -1] Wchodzi przez wejście/wyjście 562823977. (W ulu: -1043381632)
[26-01-2025 19:19:38] [INFO] [Pszczoła -1] Wchodzi przez wejście/wyjście 562823977. (W ulu: -1043381632)
[26-01-2025 19:19:39] [INFO] [Pszczoła -1] Wchodzi przez wejście/wyjście 0. (W ulu: -1043381776)
[26-01-2025 19:19:40] [INFO] [Pszczoła -1] Wchodzi przez wejście/wyjście 562823977. (W ulu: -1043381632)
[26-01-2025 19:19:41] [INFO] [Pszczoła -1] Wychodzi przez wejście 562823977. (W ulu: -1043381632)
[26-01-2025 19:35:39] [INFO] [Pszczoła -831281344] Wchodzi przez wejście/wyjście 562823977. (W ulu: 1468069488)
[26-01-2025 19:35:40] [INFO] [Pszczoła -1] Wchodzi przez wejście/wyjście 562823977. (W ulu: 1468069488)
[26-01-2025 19:35:41] [INFO] [Pszczoła -1] Wchodzi przez wejście/wyjście 562823977. (W ulu: 1468069488)
[26-01-2025 19:35:41] [INFO] [Pszczoła -1] Wchodzi przez wejście/wyjście 562823977. (W ulu: 1468069488)
[26-01-2025 19:35:42] [INFO] [Pszczoła -831281344] Wchodzi przez wejście/wyjście 562823977. (W ulu: 1468069488)
[26-01-2025 19:35:43] [INFO] [Pszczoła -1] Wchodzi przez wejście/wyjście 562823977. (W ulu: 1468069488)
[26-01-2025 19:35:44] [INFO] [Pszczoła -1] Wchodzi przez wejście/wyjście 562823977. (W ulu: 1468069488)
[26-01-2025 19:35:45] [INFO] [Pszczoła -1] Wchodzi przez wejście/wyjście 562823977. (W ulu: 1468069488)
[26-01-2025 19:35:45] [INFO] [Pszczoła -1] Wchodzi przez wejście/wyjście 562823977. (W ulu: 1468069488)
[26-01-2025 19:35:46] [INFO] [Pszczoła -1] Wchodzi przez wejście/wyjście 562823977. (W ulu: 1468069488)
[26-01-2025 19:35:47] [INFO] [Pszczoła -831281344] Wchodzi przez wejście/wyjście 562823977. (W ulu: 1468069488)
[26-01-2025 19:35:48] [INFO] [Pszczoła -1] Wchodzi przez wejście/wyjście 562823977. (W ulu: 1468069488)
[26-01-2025 19:35:48] [INFO] [Pszczoła -1] Wchodzi przez wejście/wyjście 562823977. (W ulu: 1468069488)
[26-01-2025 19:35:49] [INFO] [Pszczoła -1] Wchodzi przez wejście/wyjście 562823977. (W ulu: 1468069488)
[26-01-2025 19:35:50] [INFO] [Pszczoła -831281344] Wchodzi przez wejście/wyjście 562823977. (W ulu: 1468069488)
[26-01-2025 19:35:51] [INFO] [Pszczoła -1] Wchodzi przez wejście/wyjście 562823977. (W ulu: 1468069488)
[26-01-2025 19:35:52] [INFO] [Pszczoła -1] Wchodzi przez wejście/wyjście 562823977. (W ulu: 1468069488)
[26-01-2025 19:35:52] [INFO] [Pszczoła -1] Wychodzi przez wejście 562823977. (W ulu: 1468069488)
[26-01-2025 19:35:53] [INFO] [Pszczoła -1] Wychodzi przez wejście 562823977. (W ulu: 1468069488)
[26-01-2025 19:35:54] [INFO] [Pszczoła -1] Wchodzi przez wejście/wyjście 562823977. (W ulu: 1468069488)
[26-01-2025 19:35:55] [INFO] [Pszczoła -1] Wchodzi przez wejście/wyjście 562823977. (W ulu: 1468069488)
[26-01-2025 19:35:56] [INFO] [Pszczoła -1] Wchodzi przez wejście/wyjście 562823977. (W ulu: 1468069488)
[26-01-2025 19:35:56] [INFO] [Pszczoła -1] Wychodzi przez wejście 562823977. (W ulu: 1468069488)
